,"<Event xmlns='http://schemas.microsoft.com/win/2004/08/events/event'><System><Provider Name='Microsoft-Windows-Sysmon' Guid='{5770385f-c22a-43e0-bf4c-06f5698ffbd9}'/><EventID>1</EventID><Version>5</Version><Level>4</Level><Task>1</Task><Opcode>0</Opcode><Keywords>0x8000000000000000</Keywords><TimeCreated SystemTime='2025-12-06T17:32:13.9781152Z'/><EventRecordID>74624</EventRecordID><Correlation/><Execution ProcessID='2308' ThreadID='2252'/><Channel>Microsoft-Windows-Sysmon/Operational</Channel><Computer>DESKTOP-0VN9UV0</Computer><Security UserID='S-1-5-18'/></System><EventData><Data Name='RuleName'>-</Data><Data Name='UtcTime'>2025-12-06 17:32:13.972</Data><Data Name='ProcessGuid'>{ba015629-689d-6934-eb1a-010000000c00}</Data><Data Name='ProcessId'>8104</Data><Data Name='Image'>C:\Program Files\Splunk\bin\splunk-optimize.exe</Data><Data Name='FileVersion'>10.0.2</Data><Data Name='Description'>splunk-optimize</Data><Data Name='Product'>splunk Application</Data><Data Name='Company'>Splunk Inc.</Data><Data Name='OriginalFileName'>splunk-optimize.exe</Data><Data Name='CommandLine'>splunk-optimize -d ""C:\Program Files\Splunk\var\lib\splunk\_introspection\db\hot_v1_3"" -x 2849726464 --log-to--splunkd-log --write-level 3 --tsidx-target-size 1572864000 --msidx-comp-block-size 1024</Data><Data Name='CurrentDirectory'>C:\Windows\system32\</Data><Data Name='User'>NT AUTHORITY\SYSTEM</Data><Data Name='LogonGuid'>{ba015629-9e0a-6933-e703-000000000000}</Data><Data Name='LogonId'>0x3e7</Data><Data Name='TerminalSessionId'>0</Data><Data Name='IntegrityLevel'>System</Data><Data Name='Hashes'>MD5=9CC738519F2D72C0418CFA55C7EC1AA8,SHA256=0F436911D99C77BECD70B2BC162DB2F0EC23AEC95D7B0D80ECCC0E9D8BC1AAF9,IMPHASH=1587304F63543B89DB100213C6B8CBF0</Data><Data Name='ParentProcessGuid'>{ba015629-93d1-6933-8616-000000000c00}</Data><Data Name='ParentProcessId'>5980</Data><Data Name='ParentImage'>C:\Program Files\Splunk\bin\splunkd.exe</Data><Data Name='ParentCommandLine'>""C:\Program Files\Splunk\bin\splunkd.exe"" service</Data><Data Name='ParentUser'>NT AUTHORITY\SYSTEM</Data></EventData></Event>","2025-12-06T09:32:13.978-0800",,"DESKTOP-0VN9UV0",main,1,"<_='://../////'><><_='--'_='{----}'/><></><></><><","WinEventLog:Microsoft-Windows-Sysmon/Operational","XmlWinEventLog:Microsoft-Windows-Sysmon/Operational","DESKTOP-0VN9UV0",,none
,"<Event xmlns='http://schemas.microsoft.com/win/2004/08/events/event'><System><Provider Name='Microsoft-Windows-Sysmon' Guid='{5770385f-c22a-43e0-bf4c-06f5698ffbd9}'/><EventID>1</EventID><Version>5</Version><Level>4</Level><Task>1</Task><Opcode>0</Opcode><Keywords>0x8000000000000000</Keywords><TimeCreated SystemTime='2025-12-06T17:32:13.9707632Z'/><EventRecordID>74623</EventRecordID><Correlation/><Execution ProcessID='2308' ThreadID='2252'/><Channel>Microsoft-Windows-Sysmon/Operational</Channel><Computer>DESKTOP-0VN9UV0</Computer><Security UserID='S-1-5-18'/></System><EventData><Data Name='RuleName'>-</Data><Data Name='UtcTime'>2025-12-06 17:32:13.955</Data><Data Name='ProcessGuid'>{ba015629-689d-6934-ea1a-010000000c00}</Data><Data Name='ProcessId'>376</Data><Data Name='Image'>C:\Program Files\Splunk\bin\splunk-optimize.exe</Data><Data Name='FileVersion'>10.0.2</Data><Data Name='Description'>splunk-optimize</Data><Data Name='Product'>splunk Application</Data><Data Name='Company'>Splunk Inc.</Data><Data Name='OriginalFileName'>splunk-optimize.exe</Data><Data Name='CommandLine'>splunk-optimize -d ""C:\Program Files\Splunk\var\lib\splunk\_internaldb\db\hot_v1_3"" -x 2849726464 --log-to--splunkd-log --write-level 3 --tsidx-target-size 1572864000 --msidx-comp-block-size 1024</Data><Data Name='CurrentDirectory'>C:\Windows\system32\</Data><Data Name='User'>NT AUTHORITY\SYSTEM</Data><Data Name='LogonGuid'>{ba015629-9e0a-6933-e703-000000000000}</Data><Data Name='LogonId'>0x3e7</Data><Data Name='TerminalSessionId'>0</Data><Data Name='IntegrityLevel'>System</Data><Data Name='Hashes'>MD5=9CC738519F2D72C0418CFA55C7EC1AA8,SHA256=0F436911D99C77BECD70B2BC162DB2F0EC23AEC95D7B0D80ECCC0E9D8BC1AAF9,IMPHASH=1587304F63543B89DB100213C6B8CBF0</Data><Data Name='ParentProcessGuid'>{ba015629-93d1-6933-8616-000000000c00}</Data><Data Name='ParentProcessId'>5980</Data><Data Name='ParentImage'>C:\Program Files\Splunk\bin\splunkd.exe</Data><Data Name='ParentCommandLine'>""C:\Program Files\Splunk\bin\splunkd.exe"" service</Data><Data Name='ParentUser'>NT AUTHORITY\SYSTEM</Data></EventData></Event>","2025-12-06T09:32:13.970-0800",,"DESKTOP-0VN9UV0",main,1,"<_='://../////'><><_='--'_='{----}'/><></><></><><","WinEventLog:Microsoft-Windows-Sysmon/Operational","XmlWinEventLog:Microsoft-Windows-Sysmon/Operational","DESKTOP-0VN9UV0",,none
,"<Event xmlns='http://schemas.microsoft.com/win/2004/08/events/event'><System><Provider Name='Microsoft-Windows-Sysmon' Guid='{5770385f-c22a-43e0-bf4c-06f5698ffbd9}'/><EventID>1</EventID><Version>5</Version><Level>4</Level><Task>1</Task><Opcode>0</Opcode><Keywords>0x8000000000000000</Keywords><TimeCreated SystemTime='2025-12-06T17:32:10.9860766Z'/><EventRecordID>74622</EventRecordID><Correlation/><Execution ProcessID='2308' ThreadID='2252'/><Channel>Microsoft-Windows-Sysmon/Operational</Channel><Computer>DESKTOP-0VN9UV0</Computer><Security UserID='S-1-5-18'/></System><EventData><Data Name='RuleName'>-</Data><Data Name='UtcTime'>2025-12-06 17:32:10.982</Data><Data Name='ProcessGuid'>{ba015629-689a-6934-e91a-010000000c00}</Data><Data Name='ProcessId'>1692</Data><Data Name='Image'>C:\Program Files\Splunk\bin\splunk-optimize.exe</Data><Data Name='FileVersion'>10.0.2</Data><Data Name='Description'>splunk-optimize</Data><Data Name='Product'>splunk Application</Data><Data Name='Company'>Splunk Inc.</Data><Data Name='OriginalFileName'>splunk-optimize.exe</Data><Data Name='CommandLine'>splunk-optimize -d ""C:\Program Files\Splunk\var\lib\splunk\_metrics\db\hot_v1_19"" -x 2849728512 --log-to--splunkd-log --write-level 3 --tsidx-target-size 1572864000 --msidx-comp-block-size 1024</Data><Data Name='CurrentDirectory'>C:\Windows\system32\</Data><Data Name='User'>NT AUTHORITY\SYSTEM</Data><Data Name='LogonGuid'>{ba015629-9e0a-6933-e703-000000000000}</Data><Data Name='LogonId'>0x3e7</Data><Data Name='TerminalSessionId'>0</Data><Data Name='IntegrityLevel'>System</Data><Data Name='Hashes'>MD5=9CC738519F2D72C0418CFA55C7EC1AA8,SHA256=0F436911D99C77BECD70B2BC162DB2F0EC23AEC95D7B0D80ECCC0E9D8BC1AAF9,IMPHASH=1587304F63543B89DB100213C6B8CBF0</Data><Data Name='ParentProcessGuid'>{ba015629-93d1-6933-8616-000000000c00}</Data><Data Name='ParentProcessId'>5980</Data><Data Name='ParentImage'>C:\Program Files\Splunk\bin\splunkd.exe</Data><Data Name='ParentCommandLine'>""C:\Program Files\Splunk\bin\splunkd.exe"" service</Data><Data Name='ParentUser'>NT AUTHORITY\SYSTEM</Data></EventData></Event>","2025-12-06T09:32:10.986-0800",,"DESKTOP-0VN9UV0",main,1,"<_='://../////'><><_='--'_='{----}'/><></><></><><","WinEventLog:Microsoft-Windows-Sysmon/Operational","XmlWinEventLog:Microsoft-Windows-Sysmon/Operational","DESKTOP-0VN9UV0",,none
,"<Event xmlns='http://schemas.microsoft.com/win/2004/08/events/event'><System><Provider Name='Microsoft-Windows-Sysmon' Guid='{5770385f-c22a-43e0-bf4c-06f5698ffbd9}'/><EventID>1</EventID><Version>5</Version><Level>4</Level><Task>1</Task><Opcode>0</Opcode><Keywords>0x8000000000000000</Keywords><TimeCreated SystemTime='2025-12-06T17:32:10.9784451Z'/><EventRecordID>74621</EventRecordID><Correlation/><Execution ProcessID='2308' ThreadID='2252'/><Channel>Microsoft-Windows-Sysmon/Operational</Channel><Computer>DESKTOP-0VN9UV0</Computer><Security UserID='S-1-5-18'/></System><EventData><Data Name='RuleName'>-</Data><Data Name='UtcTime'>2025-12-06 17:32:10.971</Data><Data Name='ProcessGuid'>{ba015629-689a-6934-e81a-010000000c00}</Data><Data Name='ProcessId'>8320</Data><Data Name='Image'>C:\Program Files\Splunk\bin\splunk-optimize.exe</Data><Data Name='FileVersion'>10.0.2</Data><Data Name='Description'>splunk-optimize</Data><Data Name='Product'>splunk Application</Data><Data Name='Company'>Splunk Inc.</Data><Data Name='OriginalFileName'>splunk-optimize.exe</Data><Data Name='CommandLine'>splunk-optimize -d ""C:\Program Files\Splunk\var\lib\splunk\_metrics\db\hot_v1_17"" -x 2849728512 --log-to--splunkd-log --write-level 3 --tsidx-target-size 1572864000 --msidx-comp-block-size 1024</Data><Data Name='CurrentDirectory'>C:\Windows\system32\</Data><Data Name='User'>NT AUTHORITY\SYSTEM</Data><Data Name='LogonGuid'>{ba015629-9e0a-6933-e703-000000000000}</Data><Data Name='LogonId'>0x3e7</Data><Data Name='TerminalSessionId'>0</Data><Data Name='IntegrityLevel'>System</Data><Data Name='Hashes'>MD5=9CC738519F2D72C0418CFA55C7EC1AA8,SHA256=0F436911D99C77BECD70B2BC162DB2F0EC23AEC95D7B0D80ECCC0E9D8BC1AAF9,IMPHASH=1587304F63543B89DB100213C6B8CBF0</Data><Data Name='ParentProcessGuid'>{ba015629-93d1-6933-8616-000000000c00}</Data><Data Name='ParentProcessId'>5980</Data><Data Name='ParentImage'>C:\Program Files\Splunk\bin\splunkd.exe</Data><Data Name='ParentCommandLine'>""C:\Program Files\Splunk\bin\splunkd.exe"" service</Data><Data Name='ParentUser'>NT AUTHORITY\SYSTEM</Data></EventData></Event>","2025-12-06T09:32:10.978-0800",,"DESKTOP-0VN9UV0",main,1,"<_='://../////'><><_='--'_='{----}'/><></><></><><","WinEventLog:Microsoft-Windows-Sysmon/Operational","XmlWinEventLog:Microsoft-Windows-Sysmon/Operational","DESKTOP-0VN9UV0",,none
,"<Event xmlns='http://schemas.microsoft.com/win/2004/08/events/event'><System><Provider Name='Microsoft-Windows-Sysmon' Guid='{5770385f-c22a-43e0-bf4c-06f5698ffbd9}'/><EventID>1</EventID><Version>5</Version><Level>4</Level><Task>1</Task><Opcode>0</Opcode><Keywords>0x8000000000000000</Keywords><TimeCreated SystemTime='2025-12-06T17:32:10.9665843Z'/><EventRecordID>74620</EventRecordID><Correlation/><Execution ProcessID='2308' ThreadID='2252'/><Channel>Microsoft-Windows-Sysmon/Operational</Channel><Computer>DESKTOP-0VN9UV0</Computer><Security UserID='S-1-5-18'/></System><EventData><Data Name='RuleName'>-</Data><Data Name='UtcTime'>2025-12-06 17:32:10.957</Data><Data Name='ProcessGuid'>{ba015629-689a-6934-e71a-010000000c00}</Data><Data Name='ProcessId'>3604</Data><Data Name='Image'>C:\Program Files\Splunk\bin\splunk-optimize.exe</Data><Data Name='FileVersion'>10.0.2</Data><Data Name='Description'>splunk-optimize</Data><Data Name='Product'>splunk Application</Data><Data Name='Company'>Splunk Inc.</Data><Data Name='OriginalFileName'>splunk-optimize.exe</Data><Data Name='CommandLine'>splunk-optimize -d ""C:\Program Files\Splunk\var\lib\splunk\_metrics\db\hot_v1_16"" -x 2849728512 --log-to--splunkd-log --write-level 3 --tsidx-target-size 1572864000 --msidx-comp-block-size 1024</Data><Data Name='CurrentDirectory'>C:\Windows\system32\</Data><Data Name='User'>NT AUTHORITY\SYSTEM</Data><Data Name='LogonGuid'>{ba015629-9e0a-6933-e703-000000000000}</Data><Data Name='LogonId'>0x3e7</Data><Data Name='TerminalSessionId'>0</Data><Data Name='IntegrityLevel'>System</Data><Data Name='Hashes'>MD5=9CC738519F2D72C0418CFA55C7EC1AA8,SHA256=0F436911D99C77BECD70B2BC162DB2F0EC23AEC95D7B0D80ECCC0E9D8BC1AAF9,IMPHASH=1587304F63543B89DB100213C6B8CBF0</Data><Data Name='ParentProcessGuid'>{ba015629-93d1-6933-8616-000000000c00}</Data><Data Name='ParentProcessId'>5980</Data><Data Name='ParentImage'>C:\Program Files\Splunk\bin\splunkd.exe</Data><Data Name='ParentCommandLine'>""C:\Program Files\Splunk\bin\splunkd.exe"" service</Data><Data Name='ParentUser'>NT AUTHORITY\SYSTEM</Data></EventData></Event>","2025-12-06T09:32:10.966-0800",,"DESKTOP-0VN9UV0",main,1,"<_='://../////'><><_='--'_='{----}'/><></><></><><","WinEventLog:Microsoft-Windows-Sysmon/Operational","XmlWinEventLog:Microsoft-Windows-Sysmon/Operational","DESKTOP-0VN9UV0",,none
,"<Event xmlns='http://schemas.microsoft.com/win/2004/08/events/event'><System><Provider Name='Microsoft-Windows-Sysmon' Guid='{5770385f-c22a-43e0-bf4c-06f5698ffbd9}'/><EventID>1</EventID><Version>5</Version><Level>4</Level><Task>1</Task><Opcode>0</Opcode><Keywords>0x8000000000000000</Keywords><TimeCreated SystemTime='2025-12-06T17:32:07.9652791Z'/><EventRecordID>74619</EventRecordID><Correlation/><Execution ProcessID='2308' ThreadID='2252'/><Channel>Microsoft-Windows-Sysmon/Operational</Channel><Computer>DESKTOP-0VN9UV0</Computer><Security UserID='S-1-5-18'/></System><EventData><Data Name='RuleName'>-</Data><Data Name='UtcTime'>2025-12-06 17:32:07.955</Data><Data Name='ProcessGuid'>{ba015629-6897-6934-e51a-010000000c00}</Data><Data Name='ProcessId'>6588</Data><Data Name='Image'>C:\Program Files\Splunk\bin\splunk-optimize.exe</Data><Data Name='FileVersion'>10.0.2</Data><Data Name='Description'>splunk-optimize</Data><Data Name='Product'>splunk Application</Data><Data Name='Company'>Splunk Inc.</Data><Data Name='OriginalFileName'>splunk-optimize.exe</Data><Data Name='CommandLine'>splunk-optimize -d ""C:\Program Files\Splunk\var\lib\splunk\defaultdb\db\hot_v1_3"" -x 2849736192 --log-to--splunkd-log --write-level 3 --tsidx-target-size 1572864000 --msidx-comp-block-size 1024</Data><Data Name='CurrentDirectory'>C:\Windows\system32\</Data><Data Name='User'>NT AUTHORITY\SYSTEM</Data><Data Name='LogonGuid'>{ba015629-9e0a-6933-e703-000000000000}</Data><Data Name='LogonId'>0x3e7</Data><Data Name='TerminalSessionId'>0</Data><Data Name='IntegrityLevel'>System</Data><Data Name='Hashes'>MD5=9CC738519F2D72C0418CFA55C7EC1AA8,SHA256=0F436911D99C77BECD70B2BC162DB2F0EC23AEC95D7B0D80ECCC0E9D8BC1AAF9,IMPHASH=1587304F63543B89DB100213C6B8CBF0</Data><Data Name='ParentProcessGuid'>{ba015629-93d1-6933-8616-000000000c00}</Data><Data Name='ParentProcessId'>5980</Data><Data Name='ParentImage'>C:\Program Files\Splunk\bin\splunkd.exe</Data><Data Name='ParentCommandLine'>""C:\Program Files\Splunk\bin\splunkd.exe"" service</Data><Data Name='ParentUser'>NT AUTHORITY\SYSTEM</Data></EventData></Event>","2025-12-06T09:32:07.965-0800",,"DESKTOP-0VN9UV0",main,1,"<_='://../////'><><_='--'_='{----}'/><></><></><><","WinEventLog:Microsoft-Windows-Sysmon/Operational","XmlWinEventLog:Microsoft-Windows-Sysmon/Operational","DESKTOP-0VN9UV0",,none
,"<Event xmlns='http://schemas.microsoft.com/win/2004/08/events/event'><System><Provider Name='Microsoft-Windows-Sysmon' Guid='{5770385f-c22a-43e0-bf4c-06f5698ffbd9}'/><EventID>1</EventID><Version>5</Version><Level>4</Level><Task>1</Task><Opcode>0</Opcode><Keywords>0x8000000000000000</Keywords><TimeCreated SystemTime='2025-12-06T17:32:05.9632103Z'/><EventRecordID>74618</EventRecordID><Correlation/><Execution ProcessID='2308' ThreadID='2252'/><Channel>Microsoft-Windows-Sysmon/Operational</Channel><Computer>DESKTOP-0VN9UV0</Computer><Security UserID='S-1-5-18'/></System><EventData><Data Name='RuleName'>-</Data><Data Name='UtcTime'>2025-12-06 17:32:05.953</Data><Data Name='ProcessGuid'>{ba015629-6895-6934-e41a-010000000c00}</Data><Data Name='ProcessId'>4784</Data><Data Name='Image'>C:\Program Files\Splunk\bin\splunk-optimize.exe</Data><Data Name='FileVersion'>10.0.2</Data><Data Name='Description'>splunk-optimize</Data><Data Name='Product'>splunk Application</Data><Data Name='Company'>Splunk Inc.</Data><Data Name='OriginalFileName'>splunk-optimize.exe</Data><Data Name='CommandLine'>splunk-optimize -d ""C:\Program Files\Splunk\var\lib\splunk\_metrics\db\hot_v1_16"" -x 2849737216 --log-to--splunkd-log --write-level 3 --tsidx-target-size 1572864000 --msidx-comp-block-size 1024</Data><Data Name='CurrentDirectory'>C:\Windows\system32\</Data><Data Name='User'>NT AUTHORITY\SYSTEM</Data><Data Name='LogonGuid'>{ba015629-9e0a-6933-e703-000000000000}</Data><Data Name='LogonId'>0x3e7</Data><Data Name='TerminalSessionId'>0</Data><Data Name='IntegrityLevel'>System</Data><Data Name='Hashes'>MD5=9CC738519F2D72C0418CFA55C7EC1AA8,SHA256=0F436911D99C77BECD70B2BC162DB2F0EC23AEC95D7B0D80ECCC0E9D8BC1AAF9,IMPHASH=1587304F63543B89DB100213C6B8CBF0</Data><Data Name='ParentProcessGuid'>{ba015629-93d1-6933-8616-000000000c00}</Data><Data Name='ParentProcessId'>5980</Data><Data Name='ParentImage'>C:\Program Files\Splunk\bin\splunkd.exe</Data><Data Name='ParentCommandLine'>""C:\Program Files\Splunk\bin\splunkd.exe"" service</Data><Data Name='ParentUser'>NT AUTHORITY\SYSTEM</Data></EventData></Event>","2025-12-06T09:32:05.963-0800",,"DESKTOP-0VN9UV0",main,1,"<_='://../////'><><_='--'_='{----}'/><></><></><><","WinEventLog:Microsoft-Windows-Sysmon/Operational","XmlWinEventLog:Microsoft-Windows-Sysmon/Operational","DESKTOP-0VN9UV0",,none
,"<Event xmlns='http://schemas.microsoft.com/win/2004/08/events/event'><System><Provider Name='Microsoft-Windows-Sysmon' Guid='{5770385f-c22a-43e0-bf4c-06f5698ffbd9}'/><EventID>1</EventID><Version>5</Version><Level>4</Level><Task>1</Task><Opcode>0</Opcode><Keywords>0x8000000000000000</Keywords><TimeCreated SystemTime='2025-12-06T17:32:02.0451028Z'/><EventRecordID>74617</EventRecordID><Correlation/><Execution ProcessID='2308' ThreadID='2252'/><Channel>Microsoft-Windows-Sysmon/Operational</Channel><Computer>DESKTOP-0VN9UV0</Computer><Security UserID='S-1-5-18'/></System><EventData><Data Name='RuleName'>-</Data><Data Name='UtcTime'>2025-12-06 17:32:02.035</Data><Data Name='ProcessGuid'>{ba015629-6892-6934-e31a-010000000c00}</Data><Data Name='ProcessId'>5036</Data><Data Name='Image'>C:\Program Files\Splunk\bin\splunk-optimize.exe</Data><Data Name='FileVersion'>10.0.2</Data><Data Name='Description'>splunk-optimize</Data><Data Name='Product'>splunk Application</Data><Data Name='Company'>Splunk Inc.</Data><Data Name='OriginalFileName'>splunk-optimize.exe</Data><Data Name='CommandLine'>splunk-optimize -d ""C:\Program Files\Splunk\var\lib\splunk\defaultdb\db\hot_v1_3"" -x 2849746432 --log-to--splunkd-log --write-level 3 --tsidx-target-size 1572864000 --msidx-comp-block-size 1024</Data><Data Name='CurrentDirectory'>C:\Windows\system32\</Data><Data Name='User'>NT AUTHORITY\SYSTEM</Data><Data Name='LogonGuid'>{ba015629-9e0a-6933-e703-000000000000}</Data><Data Name='LogonId'>0x3e7</Data><Data Name='TerminalSessionId'>0</Data><Data Name='IntegrityLevel'>System</Data><Data Name='Hashes'>MD5=9CC738519F2D72C0418CFA55C7EC1AA8,SHA256=0F436911D99C77BECD70B2BC162DB2F0EC23AEC95D7B0D80ECCC0E9D8BC1AAF9,IMPHASH=1587304F63543B89DB100213C6B8CBF0</Data><Data Name='ParentProcessGuid'>{ba015629-93d1-6933-8616-000000000c00}</Data><Data Name='ParentProcessId'>5980</Data><Data Name='ParentImage'>C:\Program Files\Splunk\bin\splunkd.exe</Data><Data Name='ParentCommandLine'>""C:\Program Files\Splunk\bin\splunkd.exe"" service</Data><Data Name='ParentUser'>NT AUTHORITY\SYSTEM</Data></EventData></Event>","2025-12-06T09:32:02.045-0800",,"DESKTOP-0VN9UV0",main,1,"<_='://../////'><><_='--'_='{----}'/><></><></><><","WinEventLog:Microsoft-Windows-Sysmon/Operational","XmlWinEventLog:Microsoft-Windows-Sysmon/Operational","DESKTOP-0VN9UV0",,none
,"<Event xmlns='http://schemas.microsoft.com/win/2004/08/events/event'><System><Provider Name='Microsoft-Windows-Sysmon' Guid='{5770385f-c22a-43e0-bf4c-06f5698ffbd9}'/><EventID>1</EventID><Version>5</Version><Level>4</Level><Task>1</Task><Opcode>0</Opcode><Keywords>0x8000000000000000</Keywords><TimeCreated SystemTime='2025-12-06T17:32:02.0206264Z'/><EventRecordID>74616</EventRecordID><Correlation/><Execution ProcessID='2308' ThreadID='2252'/><Channel>Microsoft-Windows-Sysmon/Operational</Channel><Computer>DESKTOP-0VN9UV0</Computer><Security UserID='S-1-5-18'/></System><EventData><Data Name='RuleName'>-</Data><Data Name='UtcTime'>2025-12-06 17:32:01.996</Data><Data Name='ProcessGuid'>{ba015629-6891-6934-e21a-010000000c00}</Data><Data Name='ProcessId'>9372</Data><Data Name='Image'>C:\Program Files\Splunk\bin\splunk-optimize.exe</Data><Data Name='FileVersion'>10.0.2</Data><Data Name='Description'>splunk-optimize</Data><Data Name='Product'>splunk Application</Data><Data Name='Company'>Splunk Inc.</Data><Data Name='OriginalFileName'>splunk-optimize.exe</Data><Data Name='CommandLine'>splunk-optimize -d ""C:\Program Files\Splunk\var\lib\splunk\_introspection\db\hot_v1_3"" -x 2849747968 --log-to--splunkd-log --write-level 3 --tsidx-target-size 1572864000 --msidx-comp-block-size 1024</Data><Data Name='CurrentDirectory'>C:\Windows\system32\</Data><Data Name='User'>NT AUTHORITY\SYSTEM</Data><Data Name='LogonGuid'>{ba015629-9e0a-6933-e703-000000000000}</Data><Data Name='LogonId'>0x3e7</Data><Data Name='TerminalSessionId'>0</Data><Data Name='IntegrityLevel'>System</Data><Data Name='Hashes'>MD5=9CC738519F2D72C0418CFA55C7EC1AA8,SHA256=0F436911D99C77BECD70B2BC162DB2F0EC23AEC95D7B0D80ECCC0E9D8BC1AAF9,IMPHASH=1587304F63543B89DB100213C6B8CBF0</Data><Data Name='ParentProcessGuid'>{ba015629-93d1-6933-8616-000000000c00}</Data><Data Name='ParentProcessId'>5980</Data><Data Name='ParentImage'>C:\Program Files\Splunk\bin\splunkd.exe</Data><Data Name='ParentCommandLine'>""C:\Program Files\Splunk\bin\splunkd.exe"" service</Data><Data Name='ParentUser'>NT AUTHORITY\SYSTEM</Data></EventData></Event>","2025-12-06T09:32:02.020-0800",,"DESKTOP-0VN9UV0",main,1,"<_='://../////'><><_='--'_='{----}'/><></><></><><","WinEventLog:Microsoft-Windows-Sysmon/Operational","XmlWinEventLog:Microsoft-Windows-Sysmon/Operational","DESKTOP-0VN9UV0",,none
,"<Event xmlns='http://schemas.microsoft.com/win/2004/08/events/event'><System><Provider Name='Microsoft-Windows-Sysmon' Guid='{5770385f-c22a-43e0-bf4c-06f5698ffbd9}'/><EventID>1</EventID><Version>5</Version><Level>4</Level><Task>1</Task><Opcode>0</Opcode><Keywords>0x8000000000000000</Keywords><TimeCreated SystemTime='2025-12-06T17:32:02.0103387Z'/><EventRecordID>74615</EventRecordID><Correlation/><Execution ProcessID='2308' ThreadID='2252'/><Channel>Microsoft-Windows-Sysmon/Operational</Channel><Computer>DESKTOP-0VN9UV0</Computer><Security UserID='S-1-5-18'/></System><EventData><Data Name='RuleName'>-</Data><Data Name='UtcTime'>2025-12-06 17:32:01.983</Data><Data Name='ProcessGuid'>{ba015629-6891-6934-e11a-010000000c00}</Data><Data Name='ProcessId'>8564</Data><Data Name='Image'>C:\Program Files\Splunk\bin\splunk-optimize.exe</Data><Data Name='FileVersion'>10.0.2</Data><Data Name='Description'>splunk-optimize</Data><Data Name='Product'>splunk Application</Data><Data Name='Company'>Splunk Inc.</Data><Data Name='OriginalFileName'>splunk-optimize.exe</Data><Data Name='CommandLine'>splunk-optimize -d ""C:\Program Files\Splunk\var\lib\splunk\_internaldb\db\hot_v1_3"" -x 2849748480 --log-to--splunkd-log --write-level 3 --tsidx-target-size 1572864000 --msidx-comp-block-size 1024</Data><Data Name='CurrentDirectory'>C:\Windows\system32\</Data><Data Name='User'>NT AUTHORITY\SYSTEM</Data><Data Name='LogonGuid'>{ba015629-9e0a-6933-e703-000000000000}</Data><Data Name='LogonId'>0x3e7</Data><Data Name='TerminalSessionId'>0</Data><Data Name='IntegrityLevel'>System</Data><Data Name='Hashes'>MD5=9CC738519F2D72C0418CFA55C7EC1AA8,SHA256=0F436911D99C77BECD70B2BC162DB2F0EC23AEC95D7B0D80ECCC0E9D8BC1AAF9,IMPHASH=1587304F63543B89DB100213C6B8CBF0</Data><Data Name='ParentProcessGuid'>{ba015629-93d1-6933-8616-000000000c00}</Data><Data Name='ParentProcessId'>5980</Data><Data Name='ParentImage'>C:\Program Files\Splunk\bin\splunkd.exe</Data><Data Name='ParentCommandLine'>""C:\Program Files\Splunk\bin\splunkd.exe"" service</Data><Data Name='ParentUser'>NT AUTHORITY\SYSTEM</Data></EventData></Event>","2025-12-06T09:32:02.010-0800",,"DESKTOP-0VN9UV0",main,1,"<_='://../////'><><_='--'_='{----}'/><></><></><><","WinEventLog:Microsoft-Windows-Sysmon/Operational","XmlWinEventLog:Microsoft-Windows-Sysmon/Operational","DESKTOP-0VN9UV0",,none
,"<Event xmlns='http://schemas.microsoft.com/win/2004/08/events/event'><System><Provider Name='Microsoft-Windows-Sysmon' Guid='{5770385f-c22a-43e0-bf4c-06f5698ffbd9}'/><EventID>1</EventID><Version>5</Version><Level>4</Level><Task>1</Task><Opcode>0</Opcode><Keywords>0x8000000000000000</Keywords><TimeCreated SystemTime='2025-12-06T17:32:00.0213978Z'/><EventRecordID>74614</EventRecordID><Correlation/><Execution ProcessID='2308' ThreadID='2252'/><Channel>Microsoft-Windows-Sysmon/Operational</Channel><Computer>DESKTOP-0VN9UV0</Computer><Security UserID='S-1-5-18'/></System><EventData><Data Name='RuleName'>-</Data><Data Name='UtcTime'>2025-12-06 17:32:00.016</Data><Data Name='ProcessGuid'>{ba015629-6890-6934-e01a-010000000c00}</Data><Data Name='ProcessId'>8204</Data><Data Name='Image'>C:\Program Files\Splunk\bin\python3.9.exe</Data><Data Name='FileVersion'>3.9.20</Data><Data Name='Description'>Python</Data><Data Name='Product'>Python</Data><Data Name='Company'>Python Software Foundation</Data><Data Name='OriginalFileName'>python.exe</Data><Data Name='CommandLine'>""C:\Program Files\Splunk\bin\Python3.9.exe"" ""C:\Program Files\Splunk\etc\apps\search\bin\quarantine_files.py""</Data><Data Name='CurrentDirectory'>C:\Windows\system32\</Data><Data Name='User'>NT AUTHORITY\SYSTEM</Data><Data Name='LogonGuid'>{ba015629-9e0a-6933-e703-000000000000}</Data><Data Name='LogonId'>0x3e7</Data><Data Name='TerminalSessionId'>0</Data><Data Name='IntegrityLevel'>System</Data><Data Name='Hashes'>MD5=54A9F1309E9DF36E7F9E55A4C5FC569A,SHA256=EDC7CA881B5B7E9F03F93B98E35819D8DFCE607067896BDEA72649E6F843338D,IMPHASH=44E8784F2FDD99F0DEDDCCFCCF011FEB</Data><Data Name='ParentProcessGuid'>{ba015629-93d1-6933-8616-000000000c00}</Data><Data Name='ParentProcessId'>5980</Data><Data Name='ParentImage'>C:\Program Files\Splunk\bin\splunkd.exe</Data><Data Name='ParentCommandLine'>""C:\Program Files\Splunk\bin\splunkd.exe"" service</Data><Data Name='ParentUser'>NT AUTHORITY\SYSTEM</Data></EventData></Event>","2025-12-06T09:32:00.021-0800",,"DESKTOP-0VN9UV0",main,1,"<_='://../////'><><_='--'_='{----}'/><></><></><><","WinEventLog:Microsoft-Windows-Sysmon/Operational","XmlWinEventLog:Microsoft-Windows-Sysmon/Operational","DESKTOP-0VN9UV0",,none
,"<Event xmlns='http://schemas.microsoft.com/win/2004/08/events/event'><System><Provider Name='Microsoft-Windows-Sysmon' Guid='{5770385f-c22a-43e0-bf4c-06f5698ffbd9}'/><EventID>1</EventID><Version>5</Version><Level>4</Level><Task>1</Task><Opcode>0</Opcode><Keywords>0x8000000000000000</Keywords><TimeCreated SystemTime='2025-12-06T17:32:00.0156956Z'/><EventRecordID>74613</EventRecordID><Correlation/><Execution ProcessID='2308' ThreadID='2252'/><Channel>Microsoft-Windows-Sysmon/Operational</Channel><Computer>DESKTOP-0VN9UV0</Computer><Security UserID='S-1-5-18'/></System><EventData><Data Name='RuleName'>-</Data><Data Name='UtcTime'>2025-12-06 17:31:59.998</Data><Data Name='ProcessGuid'>{ba015629-688f-6934-df1a-010000000c00}</Data><Data Name='ProcessId'>9352</Data><Data Name='Image'>C:\Program Files\Splunk\bin\splunk-optimize.exe</Data><Data Name='FileVersion'>10.0.2</Data><Data Name='Description'>splunk-optimize</Data><Data Name='Product'>splunk Application</Data><Data Name='Company'>Splunk Inc.</Data><Data Name='OriginalFileName'>splunk-optimize.exe</Data><Data Name='CommandLine'>splunk-optimize -d ""C:\Program Files\Splunk\var\lib\splunk\_metrics\db\hot_v1_19"" -x 2849761792 --log-to--splunkd-log --write-level 3 --tsidx-target-size 1572864000 --msidx-comp-block-size 1024</Data><Data Name='CurrentDirectory'>C:\Windows\system32\</Data><Data Name='User'>NT AUTHORITY\SYSTEM</Data><Data Name='LogonGuid'>{ba015629-9e0a-6933-e703-000000000000}</Data><Data Name='LogonId'>0x3e7</Data><Data Name='TerminalSessionId'>0</Data><Data Name='IntegrityLevel'>System</Data><Data Name='Hashes'>MD5=9CC738519F2D72C0418CFA55C7EC1AA8,SHA256=0F436911D99C77BECD70B2BC162DB2F0EC23AEC95D7B0D80ECCC0E9D8BC1AAF9,IMPHASH=1587304F63543B89DB100213C6B8CBF0</Data><Data Name='ParentProcessGuid'>{ba015629-93d1-6933-8616-000000000c00}</Data><Data Name='ParentProcessId'>5980</Data><Data Name='ParentImage'>C:\Program Files\Splunk\bin\splunkd.exe</Data><Data Name='ParentCommandLine'>""C:\Program Files\Splunk\bin\splunkd.exe"" service</Data><Data Name='ParentUser'>NT AUTHORITY\SYSTEM</Data></EventData></Event>","2025-12-06T09:32:00.015-0800",,"DESKTOP-0VN9UV0",main,1,"<_='://../////'><><_='--'_='{----}'/><></><></><><","WinEventLog:Microsoft-Windows-Sysmon/Operational","XmlWinEventLog:Microsoft-Windows-Sysmon/Operational","DESKTOP-0VN9UV0",,none
,"<Event xmlns='http://schemas.microsoft.com/win/2004/08/events/event'><System><Provider Name='Microsoft-Windows-Sysmon' Guid='{5770385f-c22a-43e0-bf4c-06f5698ffbd9}'/><EventID>1</EventID><Version>5</Version><Level>4</Level><Task>1</Task><Opcode>0</Opcode><Keywords>0x8000000000000000</Keywords><TimeCreated SystemTime='2025-12-06T17:31:59.9941727Z'/><EventRecordID>74612</EventRecordID><Correlation/><Execution ProcessID='2308' ThreadID='2252'/><Channel>Microsoft-Windows-Sysmon/Operational</Channel><Computer>DESKTOP-0VN9UV0</Computer><Security UserID='S-1-5-18'/></System><EventData><Data Name='RuleName'>-</Data><Data Name='UtcTime'>2025-12-06 17:31:59.988</Data><Data Name='ProcessGuid'>{ba015629-688f-6934-de1a-010000000c00}</Data><Data Name='ProcessId'>7472</Data><Data Name='Image'>C:\Program Files\Splunk\bin\splunk-optimize.exe</Data><Data Name='FileVersion'>10.0.2</Data><Data Name='Description'>splunk-optimize</Data><Data Name='Product'>splunk Application</Data><Data Name='Company'>Splunk Inc.</Data><Data Name='OriginalFileName'>splunk-optimize.exe</Data><Data Name='CommandLine'>splunk-optimize -d ""C:\Program Files\Splunk\var\lib\splunk\_metrics\db\hot_v1_17"" -x 2849761792 --log-to--splunkd-log --write-level 3 --tsidx-target-size 1572864000 --msidx-comp-block-size 1024</Data><Data Name='CurrentDirectory'>C:\Windows\system32\</Data><Data Name='User'>NT AUTHORITY\SYSTEM</Data><Data Name='LogonGuid'>{ba015629-9e0a-6933-e703-000000000000}</Data><Data Name='LogonId'>0x3e7</Data><Data Name='TerminalSessionId'>0</Data><Data Name='IntegrityLevel'>System</Data><Data Name='Hashes'>MD5=9CC738519F2D72C0418CFA55C7EC1AA8,SHA256=0F436911D99C77BECD70B2BC162DB2F0EC23AEC95D7B0D80ECCC0E9D8BC1AAF9,IMPHASH=1587304F63543B89DB100213C6B8CBF0</Data><Data Name='ParentProcessGuid'>{ba015629-93d1-6933-8616-000000000c00}</Data><Data Name='ParentProcessId'>5980</Data><Data Name='ParentImage'>C:\Program Files\Splunk\bin\splunkd.exe</Data><Data Name='ParentCommandLine'>""C:\Program Files\Splunk\bin\splunkd.exe"" service</Data><Data Name='ParentUser'>NT AUTHORITY\SYSTEM</Data></EventData></Event>","2025-12-06T09:31:59.994-0800",,"DESKTOP-0VN9UV0",main,1,"<_='://../////'><><_='--'_='{----}'/><></><></><><","WinEventLog:Microsoft-Windows-Sysmon/Operational","XmlWinEventLog:Microsoft-Windows-Sysmon/Operational","DESKTOP-0VN9UV0",,none
,"<Event xmlns='http://schemas.microsoft.com/win/2004/08/events/event'><System><Provider Name='Microsoft-Windows-Sysmon' Guid='{5770385f-c22a-43e0-bf4c-06f5698ffbd9}'/><EventID>1</EventID><Version>5</Version><Level>4</Level><Task>1</Task><Opcode>0</Opcode><Keywords>0x8000000000000000</Keywords><TimeCreated SystemTime='2025-12-06T17:31:59.9826710Z'/><EventRecordID>74611</EventRecordID><Correlation/><Execution ProcessID='2308' ThreadID='2252'/><Channel>Microsoft-Windows-Sysmon/Operational</Channel><Computer>DESKTOP-0VN9UV0</Computer><Security UserID='S-1-5-18'/></System><EventData><Data Name='RuleName'>-</Data><Data Name='UtcTime'>2025-12-06 17:31:59.963</Data><Data Name='ProcessGuid'>{ba015629-688f-6934-dd1a-010000000c00}</Data><Data Name='ProcessId'>5152</Data><Data Name='Image'>C:\Program Files\Splunk\bin\splunk-optimize.exe</Data><Data Name='FileVersion'>10.0.2</Data><Data Name='Description'>splunk-optimize</Data><Data Name='Product'>splunk Application</Data><Data Name='Company'>Splunk Inc.</Data><Data Name='OriginalFileName'>splunk-optimize.exe</Data><Data Name='CommandLine'>splunk-optimize -d ""C:\Program Files\Splunk\var\lib\splunk\_metrics\db\hot_v1_16"" -x 2849761792 --log-to--splunkd-log --write-level 3 --tsidx-target-size 1572864000 --msidx-comp-block-size 1024</Data><Data Name='CurrentDirectory'>C:\Windows\system32\</Data><Data Name='User'>NT AUTHORITY\SYSTEM</Data><Data Name='LogonGuid'>{ba015629-9e0a-6933-e703-000000000000}</Data><Data Name='LogonId'>0x3e7</Data><Data Name='TerminalSessionId'>0</Data><Data Name='IntegrityLevel'>System</Data><Data Name='Hashes'>MD5=9CC738519F2D72C0418CFA55C7EC1AA8,SHA256=0F436911D99C77BECD70B2BC162DB2F0EC23AEC95D7B0D80ECCC0E9D8BC1AAF9,IMPHASH=1587304F63543B89DB100213C6B8CBF0</Data><Data Name='ParentProcessGuid'>{ba015629-93d1-6933-8616-000000000c00}</Data><Data Name='ParentProcessId'>5980</Data><Data Name='ParentImage'>C:\Program Files\Splunk\bin\splunkd.exe</Data><Data Name='ParentCommandLine'>""C:\Program Files\Splunk\bin\splunkd.exe"" service</Data><Data Name='ParentUser'>NT AUTHORITY\SYSTEM</Data></EventData></Event>","2025-12-06T09:31:59.982-0800",,"DESKTOP-0VN9UV0",main,1,"<_='://../////'><><_='--'_='{----}'/><></><></><><","WinEventLog:Microsoft-Windows-Sysmon/Operational","XmlWinEventLog:Microsoft-Windows-Sysmon/Operational","DESKTOP-0VN9UV0",,none
,"<Event xmlns='http://schemas.microsoft.com/win/2004/08/events/event'><System><Provider Name='Microsoft-Windows-Sysmon' Guid='{5770385f-c22a-43e0-bf4c-06f5698ffbd9}'/><EventID>1</EventID><Version>5</Version><Level>4</Level><Task>1</Task><Opcode>0</Opcode><Keywords>0x8000000000000000</Keywords><TimeCreated SystemTime='2025-12-06T17:31:56.9886364Z'/><EventRecordID>74610</EventRecordID><Correlation/><Execution ProcessID='2308' ThreadID='2252'/><Channel>Microsoft-Windows-Sysmon/Operational</Channel><Computer>DESKTOP-0VN9UV0</Computer><Security UserID='S-1-5-18'/></System><EventData><Data Name='RuleName'>-</Data><Data Name='UtcTime'>2025-12-06 17:31:56.980</Data><Data Name='ProcessGuid'>{ba015629-688c-6934-dc1a-010000000c00}</Data><Data Name='ProcessId'>7868</Data><Data Name='Image'>C:\Program Files\Splunk\bin\splunk-optimize.exe</Data><Data Name='FileVersion'>10.0.2</Data><Data Name='Description'>splunk-optimize</Data><Data Name='Product'>splunk Application</Data><Data Name='Company'>Splunk Inc.</Data><Data Name='OriginalFileName'>splunk-optimize.exe</Data><Data Name='CommandLine'>splunk-optimize -d ""C:\Program Files\Splunk\var\lib\splunk\defaultdb\db\hot_v1_3"" -x 2849778176 --log-to--splunkd-log --write-level 3 --tsidx-target-size 1572864000 --msidx-comp-block-size 1024</Data><Data Name='CurrentDirectory'>C:\Windows\system32\</Data><Data Name='User'>NT AUTHORITY\SYSTEM</Data><Data Name='LogonGuid'>{ba015629-9e0a-6933-e703-000000000000}</Data><Data Name='LogonId'>0x3e7</Data><Data Name='TerminalSessionId'>0</Data><Data Name='IntegrityLevel'>System</Data><Data Name='Hashes'>MD5=9CC738519F2D72C0418CFA55C7EC1AA8,SHA256=0F436911D99C77BECD70B2BC162DB2F0EC23AEC95D7B0D80ECCC0E9D8BC1AAF9,IMPHASH=1587304F63543B89DB100213C6B8CBF0</Data><Data Name='ParentProcessGuid'>{ba015629-93d1-6933-8616-000000000c00}</Data><Data Name='ParentProcessId'>5980</Data><Data Name='ParentImage'>C:\Program Files\Splunk\bin\splunkd.exe</Data><Data Name='ParentCommandLine'>""C:\Program Files\Splunk\bin\splunkd.exe"" service</Data><Data Name='ParentUser'>NT AUTHORITY\SYSTEM</Data></EventData></Event>","2025-12-06T09:31:56.988-0800",,"DESKTOP-0VN9UV0",main,1,"<_='://../////'><><_='--'_='{----}'/><></><></><><","WinEventLog:Microsoft-Windows-Sysmon/Operational","XmlWinEventLog:Microsoft-Windows-Sysmon/Operational","DESKTOP-0VN9UV0",,none
,"<Event xmlns='http://schemas.microsoft.com/win/2004/08/events/event'><System><Provider Name='Microsoft-Windows-Sysmon' Guid='{5770385f-c22a-43e0-bf4c-06f5698ffbd9}'/><EventID>1</EventID><Version>5</Version><Level>4</Level><Task>1</Task><Opcode>0</Opcode><Keywords>0x8000000000000000</Keywords><TimeCreated SystemTime='2025-12-06T17:31:56.9791563Z'/><EventRecordID>74609</EventRecordID><Correlation/><Execution ProcessID='2308' ThreadID='2252'/><Channel>Microsoft-Windows-Sysmon/Operational</Channel><Computer>DESKTOP-0VN9UV0</Computer><Security UserID='S-1-5-18'/></System><EventData><Data Name='RuleName'>-</Data><Data Name='UtcTime'>2025-12-06 17:31:56.967</Data><Data Name='ProcessGuid'>{ba015629-688c-6934-db1a-010000000c00}</Data><Data Name='ProcessId'>9932</Data><Data Name='Image'>C:\Program Files\Splunk\bin\splunk-optimize.exe</Data><Data Name='FileVersion'>10.0.2</Data><Data Name='Description'>splunk-optimize</Data><Data Name='Product'>splunk Application</Data><Data Name='Company'>Splunk Inc.</Data><Data Name='OriginalFileName'>splunk-optimize.exe</Data><Data Name='CommandLine'>splunk-optimize -d ""C:\Program Files\Splunk\var\lib\splunk\_introspection\db\hot_v1_3"" -x 2849781248 --log-to--splunkd-log --write-level 3 --tsidx-target-size 1572864000 --msidx-comp-block-size 1024</Data><Data Name='CurrentDirectory'>C:\Windows\system32\</Data><Data Name='User'>NT AUTHORITY\SYSTEM</Data><Data Name='LogonGuid'>{ba015629-9e0a-6933-e703-000000000000}</Data><Data Name='LogonId'>0x3e7</Data><Data Name='TerminalSessionId'>0</Data><Data Name='IntegrityLevel'>System</Data><Data Name='Hashes'>MD5=9CC738519F2D72C0418CFA55C7EC1AA8,SHA256=0F436911D99C77BECD70B2BC162DB2F0EC23AEC95D7B0D80ECCC0E9D8BC1AAF9,IMPHASH=1587304F63543B89DB100213C6B8CBF0</Data><Data Name='ParentProcessGuid'>{ba015629-93d1-6933-8616-000000000c00}</Data><Data Name='ParentProcessId'>5980</Data><Data Name='ParentImage'>C:\Program Files\Splunk\bin\splunkd.exe</Data><Data Name='ParentCommandLine'>""C:\Program Files\Splunk\bin\splunkd.exe"" service</Data><Data Name='ParentUser'>NT AUTHORITY\SYSTEM</Data></EventData></Event>","2025-12-06T09:31:56.979-0800",,"DESKTOP-0VN9UV0",main,1,"<_='://../////'><><_='--'_='{----}'/><></><></><><","WinEventLog:Microsoft-Windows-Sysmon/Operational","XmlWinEventLog:Microsoft-Windows-Sysmon/Operational","DESKTOP-0VN9UV0",,none
,"<Event xmlns='http://schemas.microsoft.com/win/2004/08/events/event'><System><Provider Name='Microsoft-Windows-Sysmon' Guid='{5770385f-c22a-43e0-bf4c-06f5698ffbd9}'/><EventID>1</EventID><Version>5</Version><Level>4</Level><Task>1</Task><Opcode>0</Opcode><Keywords>0x8000000000000000</Keywords><TimeCreated SystemTime='2025-12-06T17:31:56.9647788Z'/><EventRecordID>74608</EventRecordID><Correlation/><Execution ProcessID='2308' ThreadID='2252'/><Channel>Microsoft-Windows-Sysmon/Operational</Channel><Computer>DESKTOP-0VN9UV0</Computer><Security UserID='S-1-5-18'/></System><EventData><Data Name='RuleName'>-</Data><Data Name='UtcTime'>2025-12-06 17:31:56.958</Data><Data Name='ProcessGuid'>{ba015629-688c-6934-da1a-010000000c00}</Data><Data Name='ProcessId'>1132</Data><Data Name='Image'>C:\Program Files\Splunk\bin\splunk-optimize.exe</Data><Data Name='FileVersion'>10.0.2</Data><Data Name='Description'>splunk-optimize</Data><Data Name='Product'>splunk Application</Data><Data Name='Company'>Splunk Inc.</Data><Data Name='OriginalFileName'>splunk-optimize.exe</Data><Data Name='CommandLine'>splunk-optimize -d ""C:\Program Files\Splunk\var\lib\splunk\_internaldb\db\hot_v1_3"" -x 2849781248 --log-to--splunkd-log --write-level 3 --tsidx-target-size 1572864000 --msidx-comp-block-size 1024</Data><Data Name='CurrentDirectory'>C:\Windows\system32\</Data><Data Name='User'>NT AUTHORITY\SYSTEM</Data><Data Name='LogonGuid'>{ba015629-9e0a-6933-e703-000000000000}</Data><Data Name='LogonId'>0x3e7</Data><Data Name='TerminalSessionId'>0</Data><Data Name='IntegrityLevel'>System</Data><Data Name='Hashes'>MD5=9CC738519F2D72C0418CFA55C7EC1AA8,SHA256=0F436911D99C77BECD70B2BC162DB2F0EC23AEC95D7B0D80ECCC0E9D8BC1AAF9,IMPHASH=1587304F63543B89DB100213C6B8CBF0</Data><Data Name='ParentProcessGuid'>{ba015629-93d1-6933-8616-000000000c00}</Data><Data Name='ParentProcessId'>5980</Data><Data Name='ParentImage'>C:\Program Files\Splunk\bin\splunkd.exe</Data><Data Name='ParentCommandLine'>""C:\Program Files\Splunk\bin\splunkd.exe"" service</Data><Data Name='ParentUser'>NT AUTHORITY\SYSTEM</Data></EventData></Event>","2025-12-06T09:31:56.964-0800",,"DESKTOP-0VN9UV0",main,1,"<_='://../////'><><_='--'_='{----}'/><></><></><><","WinEventLog:Microsoft-Windows-Sysmon/Operational","XmlWinEventLog:Microsoft-Windows-Sysmon/Operational","DESKTOP-0VN9UV0",,none
,"<Event xmlns='http://schemas.microsoft.com/win/2004/08/events/event'><System><Provider Name='Microsoft-Windows-Sysmon' Guid='{5770385f-c22a-43e0-bf4c-06f5698ffbd9}'/><EventID>1</EventID><Version>5</Version><Level>4</Level><Task>1</Task><Opcode>0</Opcode><Keywords>0x8000000000000000</Keywords><TimeCreated SystemTime='2025-12-06T17:31:54.9947976Z'/><EventRecordID>74607</EventRecordID><Correlation/><Execution ProcessID='2308' ThreadID='2252'/><Channel>Microsoft-Windows-Sysmon/Operational</Channel><Computer>DESKTOP-0VN9UV0</Computer><Security UserID='S-1-5-18'/></System><EventData><Data Name='RuleName'>-</Data><Data Name='UtcTime'>2025-12-06 17:31:54.985</Data><Data Name='ProcessGuid'>{ba015629-688a-6934-d91a-010000000c00}</Data><Data Name='ProcessId'>2496</Data><Data Name='Image'>C:\Program Files\Splunk\bin\splunk-optimize.exe</Data><Data Name='FileVersion'>10.0.2</Data><Data Name='Description'>splunk-optimize</Data><Data Name='Product'>splunk Application</Data><Data Name='Company'>Splunk Inc.</Data><Data Name='OriginalFileName'>splunk-optimize.exe</Data><Data Name='CommandLine'>splunk-optimize -d ""C:\Program Files\Splunk\var\lib\splunk\_metrics\db\hot_v1_19"" -x 2849748480 --log-to--splunkd-log --write-level 3 --tsidx-target-size 1572864000 --msidx-comp-block-size 1024</Data><Data Name='CurrentDirectory'>C:\Windows\system32\</Data><Data Name='User'>NT AUTHORITY\SYSTEM</Data><Data Name='LogonGuid'>{ba015629-9e0a-6933-e703-000000000000}</Data><Data Name='LogonId'>0x3e7</Data><Data Name='TerminalSessionId'>0</Data><Data Name='IntegrityLevel'>System</Data><Data Name='Hashes'>MD5=9CC738519F2D72C0418CFA55C7EC1AA8,SHA256=0F436911D99C77BECD70B2BC162DB2F0EC23AEC95D7B0D80ECCC0E9D8BC1AAF9,IMPHASH=1587304F63543B89DB100213C6B8CBF0</Data><Data Name='ParentProcessGuid'>{ba015629-93d1-6933-8616-000000000c00}</Data><Data Name='ParentProcessId'>5980</Data><Data Name='ParentImage'>C:\Program Files\Splunk\bin\splunkd.exe</Data><Data Name='ParentCommandLine'>""C:\Program Files\Splunk\bin\splunkd.exe"" service</Data><Data Name='ParentUser'>NT AUTHORITY\SYSTEM</Data></EventData></Event>","2025-12-06T09:31:54.994-0800",,"DESKTOP-0VN9UV0",main,1,"<_='://../////'><><_='--'_='{----}'/><></><></><><","WinEventLog:Microsoft-Windows-Sysmon/Operational","XmlWinEventLog:Microsoft-Windows-Sysmon/Operational","DESKTOP-0VN9UV0",,none
,"<Event xmlns='http://schemas.microsoft.com/win/2004/08/events/event'><System><Provider Name='Microsoft-Windows-Sysmon' Guid='{5770385f-c22a-43e0-bf4c-06f5698ffbd9}'/><EventID>1</EventID><Version>5</Version><Level>4</Level><Task>1</Task><Opcode>0</Opcode><Keywords>0x8000000000000000</Keywords><TimeCreated SystemTime='2025-12-06T17:31:54.9831549Z'/><EventRecordID>74606</EventRecordID><Correlation/><Execution ProcessID='2308' ThreadID='2252'/><Channel>Microsoft-Windows-Sysmon/Operational</Channel><Computer>DESKTOP-0VN9UV0</Computer><Security UserID='S-1-5-18'/></System><EventData><Data Name='RuleName'>-</Data><Data Name='UtcTime'>2025-12-06 17:31:54.977</Data><Data Name='ProcessGuid'>{ba015629-688a-6934-d81a-010000000c00}</Data><Data Name='ProcessId'>9092</Data><Data Name='Image'>C:\Program Files\Splunk\bin\splunk-optimize.exe</Data><Data Name='FileVersion'>10.0.2</Data><Data Name='Description'>splunk-optimize</Data><Data Name='Product'>splunk Application</Data><Data Name='Company'>Splunk Inc.</Data><Data Name='OriginalFileName'>splunk-optimize.exe</Data><Data Name='CommandLine'>splunk-optimize -d ""C:\Program Files\Splunk\var\lib\splunk\_metrics\db\hot_v1_18"" -x 2849748480 --log-to--splunkd-log --write-level 3 --tsidx-target-size 1572864000 --msidx-comp-block-size 1024</Data><Data Name='CurrentDirectory'>C:\Windows\system32\</Data><Data Name='User'>NT AUTHORITY\SYSTEM</Data><Data Name='LogonGuid'>{ba015629-9e0a-6933-e703-000000000000}</Data><Data Name='LogonId'>0x3e7</Data><Data Name='TerminalSessionId'>0</Data><Data Name='IntegrityLevel'>System</Data><Data Name='Hashes'>MD5=9CC738519F2D72C0418CFA55C7EC1AA8,SHA256=0F436911D99C77BECD70B2BC162DB2F0EC23AEC95D7B0D80ECCC0E9D8BC1AAF9,IMPHASH=1587304F63543B89DB100213C6B8CBF0</Data><Data Name='ParentProcessGuid'>{ba015629-93d1-6933-8616-000000000c00}</Data><Data Name='ParentProcessId'>5980</Data><Data Name='ParentImage'>C:\Program Files\Splunk\bin\splunkd.exe</Data><Data Name='ParentCommandLine'>""C:\Program Files\Splunk\bin\splunkd.exe"" service</Data><Data Name='ParentUser'>NT AUTHORITY\SYSTEM</Data></EventData></Event>","2025-12-06T09:31:54.983-0800",,"DESKTOP-0VN9UV0",main,1,"<_='://../////'><><_='--'_='{----}'/><></><></><><","WinEventLog:Microsoft-Windows-Sysmon/Operational","XmlWinEventLog:Microsoft-Windows-Sysmon/Operational","DESKTOP-0VN9UV0",,none
,"<Event xmlns='http://schemas.microsoft.com/win/2004/08/events/event'><System><Provider Name='Microsoft-Windows-Sysmon' Guid='{5770385f-c22a-43e0-bf4c-06f5698ffbd9}'/><EventID>1</EventID><Version>5</Version><Level>4</Level><Task>1</Task><Opcode>0</Opcode><Keywords>0x8000000000000000</Keywords><TimeCreated SystemTime='2025-12-06T17:31:54.9697124Z'/><EventRecordID>74605</EventRecordID><Correlation/><Execution ProcessID='2308' ThreadID='2252'/><Channel>Microsoft-Windows-Sysmon/Operational</Channel><Computer>DESKTOP-0VN9UV0</Computer><Security UserID='S-1-5-18'/></System><EventData><Data Name='RuleName'>-</Data><Data Name='UtcTime'>2025-12-06 17:31:54.965</Data><Data Name='ProcessGuid'>{ba015629-688a-6934-d71a-010000000c00}</Data><Data Name='ProcessId'>2508</Data><Data Name='Image'>C:\Program Files\Splunk\bin\splunk-optimize.exe</Data><Data Name='FileVersion'>10.0.2</Data><Data Name='Description'>splunk-optimize</Data><Data Name='Product'>splunk Application</Data><Data Name='Company'>Splunk Inc.</Data><Data Name='OriginalFileName'>splunk-optimize.exe</Data><Data Name='CommandLine'>splunk-optimize -d ""C:\Program Files\Splunk\var\lib\splunk\_metrics\db\hot_v1_17"" -x 2849748480 --log-to--splunkd-log --write-level 3 --tsidx-target-size 1572864000 --msidx-comp-block-size 1024</Data><Data Name='CurrentDirectory'>C:\Windows\system32\</Data><Data Name='User'>NT AUTHORITY\SYSTEM</Data><Data Name='LogonGuid'>{ba015629-9e0a-6933-e703-000000000000}</Data><Data Name='LogonId'>0x3e7</Data><Data Name='TerminalSessionId'>0</Data><Data Name='IntegrityLevel'>System</Data><Data Name='Hashes'>MD5=9CC738519F2D72C0418CFA55C7EC1AA8,SHA256=0F436911D99C77BECD70B2BC162DB2F0EC23AEC95D7B0D80ECCC0E9D8BC1AAF9,IMPHASH=1587304F63543B89DB100213C6B8CBF0</Data><Data Name='ParentProcessGuid'>{ba015629-93d1-6933-8616-000000000c00}</Data><Data Name='ParentProcessId'>5980</Data><Data Name='ParentImage'>C:\Program Files\Splunk\bin\splunkd.exe</Data><Data Name='ParentCommandLine'>""C:\Program Files\Splunk\bin\splunkd.exe"" service</Data><Data Name='ParentUser'>NT AUTHORITY\SYSTEM</Data></EventData></Event>","2025-12-06T09:31:54.969-0800",,"DESKTOP-0VN9UV0",main,1,"<_='://../////'><><_='--'_='{----}'/><></><></><><","WinEventLog:Microsoft-Windows-Sysmon/Operational","XmlWinEventLog:Microsoft-Windows-Sysmon/Operational","DESKTOP-0VN9UV0",,none
,"<Event xmlns='http://schemas.microsoft.com/win/2004/08/events/event'><System><Provider Name='Microsoft-Windows-Sysmon' Guid='{5770385f-c22a-43e0-bf4c-06f5698ffbd9}'/><EventID>1</EventID><Version>5</Version><Level>4</Level><Task>1</Task><Opcode>0</Opcode><Keywords>0x8000000000000000</Keywords><TimeCreated SystemTime='2025-12-06T17:31:54.9622938Z'/><EventRecordID>74604</EventRecordID><Correlation/><Execution ProcessID='2308' ThreadID='2252'/><Channel>Microsoft-Windows-Sysmon/Operational</Channel><Computer>DESKTOP-0VN9UV0</Computer><Security UserID='S-1-5-18'/></System><EventData><Data Name='RuleName'>-</Data><Data Name='UtcTime'>2025-12-06 17:31:54.957</Data><Data Name='ProcessGuid'>{ba015629-688a-6934-d61a-010000000c00}</Data><Data Name='ProcessId'>9912</Data><Data Name='Image'>C:\Program Files\Splunk\bin\splunk-optimize.exe</Data><Data Name='FileVersion'>10.0.2</Data><Data Name='Description'>splunk-optimize</Data><Data Name='Product'>splunk Application</Data><Data Name='Company'>Splunk Inc.</Data><Data Name='OriginalFileName'>splunk-optimize.exe</Data><Data Name='CommandLine'>splunk-optimize -d ""C:\Program Files\Splunk\var\lib\splunk\_metrics\db\hot_v1_16"" -x 2849748480 --log-to--splunkd-log --write-level 3 --tsidx-target-size 1572864000 --msidx-comp-block-size 1024</Data><Data Name='CurrentDirectory'>C:\Windows\system32\</Data><Data Name='User'>NT AUTHORITY\SYSTEM</Data><Data Name='LogonGuid'>{ba015629-9e0a-6933-e703-000000000000}</Data><Data Name='LogonId'>0x3e7</Data><Data Name='TerminalSessionId'>0</Data><Data Name='IntegrityLevel'>System</Data><Data Name='Hashes'>MD5=9CC738519F2D72C0418CFA55C7EC1AA8,SHA256=0F436911D99C77BECD70B2BC162DB2F0EC23AEC95D7B0D80ECCC0E9D8BC1AAF9,IMPHASH=1587304F63543B89DB100213C6B8CBF0</Data><Data Name='ParentProcessGuid'>{ba015629-93d1-6933-8616-000000000c00}</Data><Data Name='ParentProcessId'>5980</Data><Data Name='ParentImage'>C:\Program Files\Splunk\bin\splunkd.exe</Data><Data Name='ParentCommandLine'>""C:\Program Files\Splunk\bin\splunkd.exe"" service</Data><Data Name='ParentUser'>NT AUTHORITY\SYSTEM</Data></EventData></Event>","2025-12-06T09:31:54.962-0800",,"DESKTOP-0VN9UV0",main,1,"<_='://../////'><><_='--'_='{----}'/><></><></><><","WinEventLog:Microsoft-Windows-Sysmon/Operational","XmlWinEventLog:Microsoft-Windows-Sysmon/Operational","DESKTOP-0VN9UV0",,none
