,"<Event xmlns='http://schemas.microsoft.com/win/2004/08/events/event'><System><Provider Name='Microsoft-Windows-Sysmon' Guid='{5770385f-c22a-43e0-bf4c-06f5698ffbd9}'/><EventID>1</EventID><Version>5</Version><Level>4</Level><Task>1</Task><Opcode>0</Opcode><Keywords>0x8000000000000000</Keywords><TimeCreated SystemTime='2025-12-06T17:37:58.0095806Z'/><EventRecordID>75115</EventRecordID><Correlation/><Execution ProcessID='2308' ThreadID='2252'/><Channel>Microsoft-Windows-Sysmon/Operational</Channel><Computer>DESKTOP-0VN9UV0</Computer><Security UserID='S-1-5-18'/></System><EventData><Data Name='RuleName'>-</Data><Data Name='UtcTime'>2025-12-06 17:37:57.989</Data><Data Name='ProcessGuid'>{ba015629-69f5-6934-d41c-010000000c00}</Data><Data Name='ProcessId'>9888</Data><Data Name='Image'>C:\Program Files\Splunk\bin\splunk-optimize.exe</Data><Data Name='FileVersion'>10.0.2</Data><Data Name='Description'>splunk-optimize</Data><Data Name='Product'>splunk Application</Data><Data Name='Company'>Splunk Inc.</Data><Data Name='OriginalFileName'>splunk-optimize.exe</Data><Data Name='CommandLine'>splunk-optimize -d ""C:\Program Files\Splunk\var\lib\splunk\_metrics\db\hot_v1_15"" -x 2847102976 --log-to--splunkd-log --write-level 3 --tsidx-target-size 1572864000 --msidx-comp-block-size 1024</Data><Data Name='CurrentDirectory'>C:\Windows\system32\</Data><Data Name='User'>NT AUTHORITY\SYSTEM</Data><Data Name='LogonGuid'>{ba015629-9e0a-6933-e703-000000000000}</Data><Data Name='LogonId'>0x3e7</Data><Data Name='TerminalSessionId'>0</Data><Data Name='IntegrityLevel'>System</Data><Data Name='Hashes'>MD5=9CC738519F2D72C0418CFA55C7EC1AA8,SHA256=0F436911D99C77BECD70B2BC162DB2F0EC23AEC95D7B0D80ECCC0E9D8BC1AAF9,IMPHASH=1587304F63543B89DB100213C6B8CBF0</Data><Data Name='ParentProcessGuid'>{ba015629-93d1-6933-8616-000000000c00}</Data><Data Name='ParentProcessId'>5980</Data><Data Name='ParentImage'>C:\Program Files\Splunk\bin\splunkd.exe</Data><Data Name='ParentCommandLine'>""C:\Program Files\Splunk\bin\splunkd.exe"" service</Data><Data Name='ParentUser'>NT AUTHORITY\SYSTEM</Data></EventData></Event>","2025-12-06T09:37:58.009-0800",,"DESKTOP-0VN9UV0",main,1,"<_='://../////'><><_='--'_='{----}'/><></><></><><","WinEventLog:Microsoft-Windows-Sysmon/Operational","XmlWinEventLog:Microsoft-Windows-Sysmon/Operational","DESKTOP-0VN9UV0",,none
,"<Event xmlns='http://schemas.microsoft.com/win/2004/08/events/event'><System><Provider Name='Microsoft-Windows-Sysmon' Guid='{5770385f-c22a-43e0-bf4c-06f5698ffbd9}'/><EventID>1</EventID><Version>5</Version><Level>4</Level><Task>1</Task><Opcode>0</Opcode><Keywords>0x8000000000000000</Keywords><TimeCreated SystemTime='2025-12-06T17:37:57.0486985Z'/><EventRecordID>75114</EventRecordID><Correlation/><Execution ProcessID='2308' ThreadID='2252'/><Channel>Microsoft-Windows-Sysmon/Operational</Channel><Computer>DESKTOP-0VN9UV0</Computer><Security UserID='S-1-5-18'/></System><EventData><Data Name='RuleName'>-</Data><Data Name='UtcTime'>2025-12-06 17:37:57.045</Data><Data Name='ProcessGuid'>{ba015629-69f5-6934-d31c-010000000c00}</Data><Data Name='ProcessId'>7888</Data><Data Name='Image'>C:\Program Files\Splunk\bin\splunk-optimize.exe</Data><Data Name='FileVersion'>10.0.2</Data><Data Name='Description'>splunk-optimize</Data><Data Name='Product'>splunk Application</Data><Data Name='Company'>Splunk Inc.</Data><Data Name='OriginalFileName'>splunk-optimize.exe</Data><Data Name='CommandLine'>splunk-optimize -d ""C:\Program Files\Splunk\var\lib\splunk\defaultdb\db\hot_v1_3"" -x 2847102976 --log-to--splunkd-log --write-level 3 --tsidx-target-size 1572864000 --msidx-comp-block-size 1024</Data><Data Name='CurrentDirectory'>C:\Windows\system32\</Data><Data Name='User'>NT AUTHORITY\SYSTEM</Data><Data Name='LogonGuid'>{ba015629-9e0a-6933-e703-000000000000}</Data><Data Name='LogonId'>0x3e7</Data><Data Name='TerminalSessionId'>0</Data><Data Name='IntegrityLevel'>System</Data><Data Name='Hashes'>MD5=9CC738519F2D72C0418CFA55C7EC1AA8,SHA256=0F436911D99C77BECD70B2BC162DB2F0EC23AEC95D7B0D80ECCC0E9D8BC1AAF9,IMPHASH=1587304F63543B89DB100213C6B8CBF0</Data><Data Name='ParentProcessGuid'>{ba015629-93d1-6933-8616-000000000c00}</Data><Data Name='ParentProcessId'>5980</Data><Data Name='ParentImage'>C:\Program Files\Splunk\bin\splunkd.exe</Data><Data Name='ParentCommandLine'>""C:\Program Files\Splunk\bin\splunkd.exe"" service</Data><Data Name='ParentUser'>NT AUTHORITY\SYSTEM</Data></EventData></Event>","2025-12-06T09:37:57.048-0800",,"DESKTOP-0VN9UV0",main,1,"<_='://../////'><><_='--'_='{----}'/><></><></><><","WinEventLog:Microsoft-Windows-Sysmon/Operational","XmlWinEventLog:Microsoft-Windows-Sysmon/Operational","DESKTOP-0VN9UV0",,none
,"<Event xmlns='http://schemas.microsoft.com/win/2004/08/events/event'><System><Provider Name='Microsoft-Windows-Sysmon' Guid='{5770385f-c22a-43e0-bf4c-06f5698ffbd9}'/><EventID>1</EventID><Version>5</Version><Level>4</Level><Task>1</Task><Opcode>0</Opcode><Keywords>0x8000000000000000</Keywords><TimeCreated SystemTime='2025-12-06T17:37:57.0401363Z'/><EventRecordID>75113</EventRecordID><Correlation/><Execution ProcessID='2308' ThreadID='2252'/><Channel>Microsoft-Windows-Sysmon/Operational</Channel><Computer>DESKTOP-0VN9UV0</Computer><Security UserID='S-1-5-18'/></System><EventData><Data Name='RuleName'>-</Data><Data Name='UtcTime'>2025-12-06 17:37:57.029</Data><Data Name='ProcessGuid'>{ba015629-69f5-6934-d21c-010000000c00}</Data><Data Name='ProcessId'>1112</Data><Data Name='Image'>C:\Program Files\Splunk\bin\splunk-optimize.exe</Data><Data Name='FileVersion'>10.0.2</Data><Data Name='Description'>splunk-optimize</Data><Data Name='Product'>splunk Application</Data><Data Name='Company'>Splunk Inc.</Data><Data Name='OriginalFileName'>splunk-optimize.exe</Data><Data Name='CommandLine'>splunk-optimize -d ""C:\Program Files\Splunk\var\lib\splunk\_internaldb\db\hot_v1_3"" -x 2847104000 --log-to--splunkd-log --write-level 3 --tsidx-target-size 1572864000 --msidx-comp-block-size 1024</Data><Data Name='CurrentDirectory'>C:\Windows\system32\</Data><Data Name='User'>NT AUTHORITY\SYSTEM</Data><Data Name='LogonGuid'>{ba015629-9e0a-6933-e703-000000000000}</Data><Data Name='LogonId'>0x3e7</Data><Data Name='TerminalSessionId'>0</Data><Data Name='IntegrityLevel'>System</Data><Data Name='Hashes'>MD5=9CC738519F2D72C0418CFA55C7EC1AA8,SHA256=0F436911D99C77BECD70B2BC162DB2F0EC23AEC95D7B0D80ECCC0E9D8BC1AAF9,IMPHASH=1587304F63543B89DB100213C6B8CBF0</Data><Data Name='ParentProcessGuid'>{ba015629-93d1-6933-8616-000000000c00}</Data><Data Name='ParentProcessId'>5980</Data><Data Name='ParentImage'>C:\Program Files\Splunk\bin\splunkd.exe</Data><Data Name='ParentCommandLine'>""C:\Program Files\Splunk\bin\splunkd.exe"" service</Data><Data Name='ParentUser'>NT AUTHORITY\SYSTEM</Data></EventData></Event>","2025-12-06T09:37:57.040-0800",,"DESKTOP-0VN9UV0",main,1,"<_='://../////'><><_='--'_='{----}'/><></><></><><","WinEventLog:Microsoft-Windows-Sysmon/Operational","XmlWinEventLog:Microsoft-Windows-Sysmon/Operational","DESKTOP-0VN9UV0",,none
,"<Event xmlns='http://schemas.microsoft.com/win/2004/08/events/event'><System><Provider Name='Microsoft-Windows-Sysmon' Guid='{5770385f-c22a-43e0-bf4c-06f5698ffbd9}'/><EventID>1</EventID><Version>5</Version><Level>4</Level><Task>1</Task><Opcode>0</Opcode><Keywords>0x8000000000000000</Keywords><TimeCreated SystemTime='2025-12-06T17:37:54.9940334Z'/><EventRecordID>75112</EventRecordID><Correlation/><Execution ProcessID='2308' ThreadID='2252'/><Channel>Microsoft-Windows-Sysmon/Operational</Channel><Computer>DESKTOP-0VN9UV0</Computer><Security UserID='S-1-5-18'/></System><EventData><Data Name='RuleName'>-</Data><Data Name='UtcTime'>2025-12-06 17:37:54.984</Data><Data Name='ProcessGuid'>{ba015629-69f2-6934-cf1c-010000000c00}</Data><Data Name='ProcessId'>9372</Data><Data Name='Image'>C:\Program Files\Splunk\bin\splunk-optimize.exe</Data><Data Name='FileVersion'>10.0.2</Data><Data Name='Description'>splunk-optimize</Data><Data Name='Product'>splunk Application</Data><Data Name='Company'>Splunk Inc.</Data><Data Name='OriginalFileName'>splunk-optimize.exe</Data><Data Name='CommandLine'>splunk-optimize -d ""C:\Program Files\Splunk\var\lib\splunk\audit\db\hot_v1_3"" -x 2847122432 --log-to--splunkd-log --write-level 3 --tsidx-target-size 1572864000 --msidx-comp-block-size 1024</Data><Data Name='CurrentDirectory'>C:\Windows\system32\</Data><Data Name='User'>NT AUTHORITY\SYSTEM</Data><Data Name='LogonGuid'>{ba015629-9e0a-6933-e703-000000000000}</Data><Data Name='LogonId'>0x3e7</Data><Data Name='TerminalSessionId'>0</Data><Data Name='IntegrityLevel'>System</Data><Data Name='Hashes'>MD5=9CC738519F2D72C0418CFA55C7EC1AA8,SHA256=0F436911D99C77BECD70B2BC162DB2F0EC23AEC95D7B0D80ECCC0E9D8BC1AAF9,IMPHASH=1587304F63543B89DB100213C6B8CBF0</Data><Data Name='ParentProcessGuid'>{ba015629-93d1-6933-8616-000000000c00}</Data><Data Name='ParentProcessId'>5980</Data><Data Name='ParentImage'>C:\Program Files\Splunk\bin\splunkd.exe</Data><Data Name='ParentCommandLine'>""C:\Program Files\Splunk\bin\splunkd.exe"" service</Data><Data Name='ParentUser'>NT AUTHORITY\SYSTEM</Data></EventData></Event>","2025-12-06T09:37:54.994-0800",,"DESKTOP-0VN9UV0",main,1,"<_='://../////'><><_='--'_='{----}'/><></><></><><","WinEventLog:Microsoft-Windows-Sysmon/Operational","XmlWinEventLog:Microsoft-Windows-Sysmon/Operational","DESKTOP-0VN9UV0",,none
,"<Event xmlns='http://schemas.microsoft.com/win/2004/08/events/event'><System><Provider Name='Microsoft-Windows-Sysmon' Guid='{5770385f-c22a-43e0-bf4c-06f5698ffbd9}'/><EventID>1</EventID><Version>5</Version><Level>4</Level><Task>1</Task><Opcode>0</Opcode><Keywords>0x8000000000000000</Keywords><TimeCreated SystemTime='2025-12-06T17:37:53.2928918Z'/><EventRecordID>75111</EventRecordID><Correlation/><Execution ProcessID='2308' ThreadID='2252'/><Channel>Microsoft-Windows-Sysmon/Operational</Channel><Computer>DESKTOP-0VN9UV0</Computer><Security UserID='S-1-5-18'/></System><EventData><Data Name='RuleName'>-</Data><Data Name='UtcTime'>2025-12-06 17:37:53.282</Data><Data Name='ProcessGuid'>{ba015629-69f1-6934-ce1c-010000000c00}</Data><Data Name='ProcessId'>10056</Data><Data Name='Image'>C:\Program Files\Splunk\bin\splunk-optimize.exe</Data><Data Name='FileVersion'>10.0.2</Data><Data Name='Description'>splunk-optimize</Data><Data Name='Product'>splunk Application</Data><Data Name='Company'>Splunk Inc.</Data><Data Name='OriginalFileName'>splunk-optimize.exe</Data><Data Name='CommandLine'>splunk-optimize -d ""C:\Program Files\Splunk\var\lib\splunk\_metrics\db\hot_v1_19"" -x 2847165952 --log-to--splunkd-log --write-level 3 --tsidx-target-size 1572864000 --msidx-comp-block-size 1024</Data><Data Name='CurrentDirectory'>C:\Windows\system32\</Data><Data Name='User'>NT AUTHORITY\SYSTEM</Data><Data Name='LogonGuid'>{ba015629-9e0a-6933-e703-000000000000}</Data><Data Name='LogonId'>0x3e7</Data><Data Name='TerminalSessionId'>0</Data><Data Name='IntegrityLevel'>System</Data><Data Name='Hashes'>MD5=9CC738519F2D72C0418CFA55C7EC1AA8,SHA256=0F436911D99C77BECD70B2BC162DB2F0EC23AEC95D7B0D80ECCC0E9D8BC1AAF9,IMPHASH=1587304F63543B89DB100213C6B8CBF0</Data><Data Name='ParentProcessGuid'>{ba015629-93d1-6933-8616-000000000c00}</Data><Data Name='ParentProcessId'>5980</Data><Data Name='ParentImage'>C:\Program Files\Splunk\bin\splunkd.exe</Data><Data Name='ParentCommandLine'>""C:\Program Files\Splunk\bin\splunkd.exe"" service</Data><Data Name='ParentUser'>NT AUTHORITY\SYSTEM</Data></EventData></Event>","2025-12-06T09:37:53.292-0800",,"DESKTOP-0VN9UV0",main,1,"<_='://../////'><><_='--'_='{----}'/><></><></><><","WinEventLog:Microsoft-Windows-Sysmon/Operational","XmlWinEventLog:Microsoft-Windows-Sysmon/Operational","DESKTOP-0VN9UV0",,none
,"<Event xmlns='http://schemas.microsoft.com/win/2004/08/events/event'><System><Provider Name='Microsoft-Windows-Sysmon' Guid='{5770385f-c22a-43e0-bf4c-06f5698ffbd9}'/><EventID>1</EventID><Version>5</Version><Level>4</Level><Task>1</Task><Opcode>0</Opcode><Keywords>0x8000000000000000</Keywords><TimeCreated SystemTime='2025-12-06T17:37:53.2884151Z'/><EventRecordID>75110</EventRecordID><Correlation/><Execution ProcessID='2308' ThreadID='2252'/><Channel>Microsoft-Windows-Sysmon/Operational</Channel><Computer>DESKTOP-0VN9UV0</Computer><Security UserID='S-1-5-18'/></System><EventData><Data Name='RuleName'>-</Data><Data Name='UtcTime'>2025-12-06 17:37:53.110</Data><Data Name='ProcessGuid'>{ba015629-69f1-6934-cd1c-010000000c00}</Data><Data Name='ProcessId'>9476</Data><Data Name='Image'>C:\Program Files\Splunk\bin\splunk-optimize.exe</Data><Data Name='FileVersion'>10.0.2</Data><Data Name='Description'>splunk-optimize</Data><Data Name='Product'>splunk Application</Data><Data Name='Company'>Splunk Inc.</Data><Data Name='OriginalFileName'>splunk-optimize.exe</Data><Data Name='CommandLine'>splunk-optimize -d ""C:\Program Files\Splunk\var\lib\splunk\_metrics\db\hot_v1_17"" -x 2847167488 --log-to--splunkd-log --write-level 3 --tsidx-target-size 1572864000 --msidx-comp-block-size 1024</Data><Data Name='CurrentDirectory'>C:\Windows\system32\</Data><Data Name='User'>NT AUTHORITY\SYSTEM</Data><Data Name='LogonGuid'>{ba015629-9e0a-6933-e703-000000000000}</Data><Data Name='LogonId'>0x3e7</Data><Data Name='TerminalSessionId'>0</Data><Data Name='IntegrityLevel'>System</Data><Data Name='Hashes'>MD5=9CC738519F2D72C0418CFA55C7EC1AA8,SHA256=0F436911D99C77BECD70B2BC162DB2F0EC23AEC95D7B0D80ECCC0E9D8BC1AAF9,IMPHASH=1587304F63543B89DB100213C6B8CBF0</Data><Data Name='ParentProcessGuid'>{ba015629-93d1-6933-8616-000000000c00}</Data><Data Name='ParentProcessId'>5980</Data><Data Name='ParentImage'>C:\Program Files\Splunk\bin\splunkd.exe</Data><Data Name='ParentCommandLine'>""C:\Program Files\Splunk\bin\splunkd.exe"" service</Data><Data Name='ParentUser'>NT AUTHORITY\SYSTEM</Data></EventData></Event>","2025-12-06T09:37:53.288-0800",,"DESKTOP-0VN9UV0",main,1,"<_='://../////'><><_='--'_='{----}'/><></><></><><","WinEventLog:Microsoft-Windows-Sysmon/Operational","XmlWinEventLog:Microsoft-Windows-Sysmon/Operational","DESKTOP-0VN9UV0",,none
,"<Event xmlns='http://schemas.microsoft.com/win/2004/08/events/event'><System><Provider Name='Microsoft-Windows-Sysmon' Guid='{5770385f-c22a-43e0-bf4c-06f5698ffbd9}'/><EventID>1</EventID><Version>5</Version><Level>4</Level><Task>1</Task><Opcode>0</Opcode><Keywords>0x8000000000000000</Keywords><TimeCreated SystemTime='2025-12-06T17:37:53.1363067Z'/><EventRecordID>75109</EventRecordID><Correlation/><Execution ProcessID='2308' ThreadID='2252'/><Channel>Microsoft-Windows-Sysmon/Operational</Channel><Computer>DESKTOP-0VN9UV0</Computer><Security UserID='S-1-5-18'/></System><EventData><Data Name='RuleName'>-</Data><Data Name='UtcTime'>2025-12-06 17:37:53.029</Data><Data Name='ProcessGuid'>{ba015629-69f1-6934-cc1c-010000000c00}</Data><Data Name='ProcessId'>2396</Data><Data Name='Image'>C:\Program Files\Splunk\bin\splunk-optimize.exe</Data><Data Name='FileVersion'>10.0.2</Data><Data Name='Description'>splunk-optimize</Data><Data Name='Product'>splunk Application</Data><Data Name='Company'>Splunk Inc.</Data><Data Name='OriginalFileName'>splunk-optimize.exe</Data><Data Name='CommandLine'>splunk-optimize -d ""C:\Program Files\Splunk\var\lib\splunk\_metrics\db\hot_v1_16"" -x 2847168512 --log-to--splunkd-log --write-level 3 --tsidx-target-size 1572864000 --msidx-comp-block-size 1024</Data><Data Name='CurrentDirectory'>C:\Windows\system32\</Data><Data Name='User'>NT AUTHORITY\SYSTEM</Data><Data Name='LogonGuid'>{ba015629-9e0a-6933-e703-000000000000}</Data><Data Name='LogonId'>0x3e7</Data><Data Name='TerminalSessionId'>0</Data><Data Name='IntegrityLevel'>System</Data><Data Name='Hashes'>MD5=9CC738519F2D72C0418CFA55C7EC1AA8,SHA256=0F436911D99C77BECD70B2BC162DB2F0EC23AEC95D7B0D80ECCC0E9D8BC1AAF9,IMPHASH=1587304F63543B89DB100213C6B8CBF0</Data><Data Name='ParentProcessGuid'>{ba015629-93d1-6933-8616-000000000c00}</Data><Data Name='ParentProcessId'>5980</Data><Data Name='ParentImage'>C:\Program Files\Splunk\bin\splunkd.exe</Data><Data Name='ParentCommandLine'>""C:\Program Files\Splunk\bin\splunkd.exe"" service</Data><Data Name='ParentUser'>NT AUTHORITY\SYSTEM</Data></EventData></Event>","2025-12-06T09:37:53.136-0800",,"DESKTOP-0VN9UV0",main,1,"<_='://../////'><><_='--'_='{----}'/><></><></><><","WinEventLog:Microsoft-Windows-Sysmon/Operational","XmlWinEventLog:Microsoft-Windows-Sysmon/Operational","DESKTOP-0VN9UV0",,none
,"<Event xmlns='http://schemas.microsoft.com/win/2004/08/events/event'><System><Provider Name='Microsoft-Windows-Sysmon' Guid='{5770385f-c22a-43e0-bf4c-06f5698ffbd9}'/><EventID>1</EventID><Version>5</Version><Level>4</Level><Task>1</Task><Opcode>0</Opcode><Keywords>0x8000000000000000</Keywords><TimeCreated SystemTime='2025-12-06T17:37:52.6858370Z'/><EventRecordID>75108</EventRecordID><Correlation/><Execution ProcessID='2308' ThreadID='2252'/><Channel>Microsoft-Windows-Sysmon/Operational</Channel><Computer>DESKTOP-0VN9UV0</Computer><Security UserID='S-1-5-18'/></System><EventData><Data Name='RuleName'>-</Data><Data Name='UtcTime'>2025-12-06 17:37:52.674</Data><Data Name='ProcessGuid'>{ba015629-69f0-6934-cb1c-010000000c00}</Data><Data Name='ProcessId'>680</Data><Data Name='Image'>C:\Program Files\Splunk\bin\splunk-regmon.exe</Data><Data Name='FileVersion'>10.0.2</Data><Data Name='Description'>Registry monitor</Data><Data Name='Product'>splunk Application</Data><Data Name='Company'>Splunk Inc.</Data><Data Name='OriginalFileName'>splunk-regmon.exe</Data><Data Name='CommandLine'>""C:\Program Files\Splunk\bin\splunk-regmon.exe""</Data><Data Name='CurrentDirectory'>C:\Windows\system32\</Data><Data Name='User'>NT AUTHORITY\SYSTEM</Data><Data Name='LogonGuid'>{ba015629-9e0a-6933-e703-000000000000}</Data><Data Name='LogonId'>0x3e7</Data><Data Name='TerminalSessionId'>0</Data><Data Name='IntegrityLevel'>System</Data><Data Name='Hashes'>MD5=6A45000ED79CD7AB91FA00BEDFE9D96B,SHA256=4EEE7AEE8EF4DB1A3FFC027170C33AE94A02EACA9EF5BD6D2D95B4A96E7DBBB8,IMPHASH=13C09D391268A3C9F4414AD28924E0DA</Data><Data Name='ParentProcessGuid'>{ba015629-93d1-6933-8616-000000000c00}</Data><Data Name='ParentProcessId'>5980</Data><Data Name='ParentImage'>C:\Program Files\Splunk\bin\splunkd.exe</Data><Data Name='ParentCommandLine'>""C:\Program Files\Splunk\bin\splunkd.exe"" service</Data><Data Name='ParentUser'>NT AUTHORITY\SYSTEM</Data></EventData></Event>","2025-12-06T09:37:52.685-0800",,"DESKTOP-0VN9UV0",main,1,"<_='://../////'><><_='--'_='{----}'/><></><></><><","WinEventLog:Microsoft-Windows-Sysmon/Operational","XmlWinEventLog:Microsoft-Windows-Sysmon/Operational","DESKTOP-0VN9UV0",,none
,"<Event xmlns='http://schemas.microsoft.com/win/2004/08/events/event'><System><Provider Name='Microsoft-Windows-Sysmon' Guid='{5770385f-c22a-43e0-bf4c-06f5698ffbd9}'/><EventID>1</EventID><Version>5</Version><Level>4</Level><Task>1</Task><Opcode>0</Opcode><Keywords>0x8000000000000000</Keywords><TimeCreated SystemTime='2025-12-06T17:37:52.5693296Z'/><EventRecordID>75107</EventRecordID><Correlation/><Execution ProcessID='2308' ThreadID='2252'/><Channel>Microsoft-Windows-Sysmon/Operational</Channel><Computer>DESKTOP-0VN9UV0</Computer><Security UserID='S-1-5-18'/></System><EventData><Data Name='RuleName'>-</Data><Data Name='UtcTime'>2025-12-06 17:37:52.560</Data><Data Name='ProcessGuid'>{ba015629-69f0-6934-ca1c-010000000c00}</Data><Data Name='ProcessId'>10104</Data><Data Name='Image'>C:\Program Files\Splunk\bin\splunk-powershell.exe</Data><Data Name='FileVersion'>-</Data><Data Name='Description'>-</Data><Data Name='Product'>-</Data><Data Name='Company'>-</Data><Data Name='OriginalFileName'>-</Data><Data Name='CommandLine'>""C:\Program Files\Splunk\bin\splunk-powershell.exe"" --ps2</Data><Data Name='CurrentDirectory'>C:\Windows\system32\</Data><Data Name='User'>NT AUTHORITY\SYSTEM</Data><Data Name='LogonGuid'>{ba015629-9e0a-6933-e703-000000000000}</Data><Data Name='LogonId'>0x3e7</Data><Data Name='TerminalSessionId'>0</Data><Data Name='IntegrityLevel'>System</Data><Data Name='Hashes'>MD5=ED5BC96465C811B4108DD1A1518086DE,SHA256=1FA55805C700D349AAC34B4AB284802442FA4CE9BFFE3A832465E97FD24A709A,IMPHASH=98E5A9AFA6009B6A2D406BE58A858E33</Data><Data Name='ParentProcessGuid'>{ba015629-93d1-6933-8616-000000000c00}</Data><Data Name='ParentProcessId'>5980</Data><Data Name='ParentImage'>C:\Program Files\Splunk\bin\splunkd.exe</Data><Data Name='ParentCommandLine'>""C:\Program Files\Splunk\bin\splunkd.exe"" service</Data><Data Name='ParentUser'>NT AUTHORITY\SYSTEM</Data></EventData></Event>","2025-12-06T09:37:52.569-0800",,"DESKTOP-0VN9UV0",main,1,"<_='://../////'><><_='--'_='{----}'/><></><></><><","WinEventLog:Microsoft-Windows-Sysmon/Operational","XmlWinEventLog:Microsoft-Windows-Sysmon/Operational","DESKTOP-0VN9UV0",,none
,"<Event xmlns='http://schemas.microsoft.com/win/2004/08/events/event'><System><Provider Name='Microsoft-Windows-Sysmon' Guid='{5770385f-c22a-43e0-bf4c-06f5698ffbd9}'/><EventID>1</EventID><Version>5</Version><Level>4</Level><Task>1</Task><Opcode>0</Opcode><Keywords>0x8000000000000000</Keywords><TimeCreated SystemTime='2025-12-06T17:37:52.2989007Z'/><EventRecordID>75106</EventRecordID><Correlation/><Execution ProcessID='2308' ThreadID='2252'/><Channel>Microsoft-Windows-Sysmon/Operational</Channel><Computer>DESKTOP-0VN9UV0</Computer><Security UserID='S-1-5-18'/></System><EventData><Data Name='RuleName'>-</Data><Data Name='UtcTime'>2025-12-06 17:37:52.292</Data><Data Name='ProcessGuid'>{ba015629-69f0-6934-c91c-010000000c00}</Data><Data Name='ProcessId'>6956</Data><Data Name='Image'>C:\Program Files\Splunk\bin\splunk-MonitorNoHandle.exe</Data><Data Name='FileVersion'>10.0.10011.16384</Data><Data Name='Description'>SplunkMonNoHandle Control Program</Data><Data Name='Product'>Windows (R) Win 7 DDK driver</Data><Data Name='Company'>Windows (R) Win 7 DDK provider</Data><Data Name='OriginalFileName'>SplunkMonNoHandle.exe</Data><Data Name='CommandLine'>""C:\Program Files\Splunk\bin\splunk-MonitorNoHandle.exe""</Data><Data Name='CurrentDirectory'>C:\Windows\system32\</Data><Data Name='User'>NT AUTHORITY\SYSTEM</Data><Data Name='LogonGuid'>{ba015629-9e0a-6933-e703-000000000000}</Data><Data Name='LogonId'>0x3e7</Data><Data Name='TerminalSessionId'>0</Data><Data Name='IntegrityLevel'>System</Data><Data Name='Hashes'>MD5=38249A1FB2F13067810C1A935D8763A8,SHA256=221EEC39F537461B6B5AEB52DE9F817DADE586F76320892D388F8525D2A755B9,IMPHASH=4452183F5321BAA9CF2C42EE328FBDD9</Data><Data Name='ParentProcessGuid'>{ba015629-93d1-6933-8616-000000000c00}</Data><Data Name='ParentProcessId'>5980</Data><Data Name='ParentImage'>C:\Program Files\Splunk\bin\splunkd.exe</Data><Data Name='ParentCommandLine'>""C:\Program Files\Splunk\bin\splunkd.exe"" service</Data><Data Name='ParentUser'>NT AUTHORITY\SYSTEM</Data></EventData></Event>","2025-12-06T09:37:52.298-0800",,"DESKTOP-0VN9UV0",main,1,"<_='://../////'><><_='--'_='{----}'/><></><></><><","WinEventLog:Microsoft-Windows-Sysmon/Operational","XmlWinEventLog:Microsoft-Windows-Sysmon/Operational","DESKTOP-0VN9UV0",,none
,"<Event xmlns='http://schemas.microsoft.com/win/2004/08/events/event'><System><Provider Name='Microsoft-Windows-Sysmon' Guid='{5770385f-c22a-43e0-bf4c-06f5698ffbd9}'/><EventID>1</EventID><Version>5</Version><Level>4</Level><Task>1</Task><Opcode>0</Opcode><Keywords>0x8000000000000000</Keywords><TimeCreated SystemTime='2025-12-06T17:37:52.2034081Z'/><EventRecordID>75105</EventRecordID><Correlation/><Execution ProcessID='2308' ThreadID='2252'/><Channel>Microsoft-Windows-Sysmon/Operational</Channel><Computer>DESKTOP-0VN9UV0</Computer><Security UserID='S-1-5-18'/></System><EventData><Data Name='RuleName'>-</Data><Data Name='UtcTime'>2025-12-06 17:37:52.198</Data><Data Name='ProcessGuid'>{ba015629-69f0-6934-c81c-010000000c00}</Data><Data Name='ProcessId'>7240</Data><Data Name='Image'>C:\Program Files\Splunk\bin\splunk-admon.exe</Data><Data Name='FileVersion'>10.0.2</Data><Data Name='Description'>Active Directory monitor</Data><Data Name='Product'>splunk Application</Data><Data Name='Company'>Splunk Inc.</Data><Data Name='OriginalFileName'>splunk-admon.exe</Data><Data Name='CommandLine'>""C:\Program Files\Splunk\bin\splunk-admon.exe""</Data><Data Name='CurrentDirectory'>C:\Windows\system32\</Data><Data Name='User'>NT AUTHORITY\SYSTEM</Data><Data Name='LogonGuid'>{ba015629-9e0a-6933-e703-000000000000}</Data><Data Name='LogonId'>0x3e7</Data><Data Name='TerminalSessionId'>0</Data><Data Name='IntegrityLevel'>System</Data><Data Name='Hashes'>MD5=42647A052B31447AF05B23ED92DACFCA,SHA256=21DA3DA3D106875B2135DE9D29139C898C658DE7D5AA72BD57D2F337513419EA,IMPHASH=7E14490AA2E1721B8A6BA45E583F57D5</Data><Data Name='ParentProcessGuid'>{ba015629-93d1-6933-8616-000000000c00}</Data><Data Name='ParentProcessId'>5980</Data><Data Name='ParentImage'>C:\Program Files\Splunk\bin\splunkd.exe</Data><Data Name='ParentCommandLine'>""C:\Program Files\Splunk\bin\splunkd.exe"" service</Data><Data Name='ParentUser'>NT AUTHORITY\SYSTEM</Data></EventData></Event>","2025-12-06T09:37:52.203-0800",,"DESKTOP-0VN9UV0",main,1,"<_='://../////'><><_='--'_='{----}'/><></><></><><","WinEventLog:Microsoft-Windows-Sysmon/Operational","XmlWinEventLog:Microsoft-Windows-Sysmon/Operational","DESKTOP-0VN9UV0",,none
,"<Event xmlns='http://schemas.microsoft.com/win/2004/08/events/event'><System><Provider Name='Microsoft-Windows-Sysmon' Guid='{5770385f-c22a-43e0-bf4c-06f5698ffbd9}'/><EventID>1</EventID><Version>5</Version><Level>4</Level><Task>1</Task><Opcode>0</Opcode><Keywords>0x8000000000000000</Keywords><TimeCreated SystemTime='2025-12-06T17:37:52.0987075Z'/><EventRecordID>75104</EventRecordID><Correlation/><Execution ProcessID='2308' ThreadID='2252'/><Channel>Microsoft-Windows-Sysmon/Operational</Channel><Computer>DESKTOP-0VN9UV0</Computer><Security UserID='S-1-5-18'/></System><EventData><Data Name='RuleName'>-</Data><Data Name='UtcTime'>2025-12-06 17:37:52.092</Data><Data Name='ProcessGuid'>{ba015629-69f0-6934-c71c-010000000c00}</Data><Data Name='ProcessId'>4456</Data><Data Name='Image'>C:\Program Files\Splunk\bin\splunk-powershell.exe</Data><Data Name='FileVersion'>-</Data><Data Name='Description'>-</Data><Data Name='Product'>-</Data><Data Name='Company'>-</Data><Data Name='OriginalFileName'>-</Data><Data Name='CommandLine'>""C:\Program Files\Splunk\bin\splunk-powershell.exe""</Data><Data Name='CurrentDirectory'>C:\Windows\system32\</Data><Data Name='User'>NT AUTHORITY\SYSTEM</Data><Data Name='LogonGuid'>{ba015629-9e0a-6933-e703-000000000000}</Data><Data Name='LogonId'>0x3e7</Data><Data Name='TerminalSessionId'>0</Data><Data Name='IntegrityLevel'>System</Data><Data Name='Hashes'>MD5=ED5BC96465C811B4108DD1A1518086DE,SHA256=1FA55805C700D349AAC34B4AB284802442FA4CE9BFFE3A832465E97FD24A709A,IMPHASH=98E5A9AFA6009B6A2D406BE58A858E33</Data><Data Name='ParentProcessGuid'>{ba015629-93d1-6933-8616-000000000c00}</Data><Data Name='ParentProcessId'>5980</Data><Data Name='ParentImage'>C:\Program Files\Splunk\bin\splunkd.exe</Data><Data Name='ParentCommandLine'>""C:\Program Files\Splunk\bin\splunkd.exe"" service</Data><Data Name='ParentUser'>NT AUTHORITY\SYSTEM</Data></EventData></Event>","2025-12-06T09:37:52.098-0800",,"DESKTOP-0VN9UV0",main,1,"<_='://../////'><><_='--'_='{----}'/><></><></><><","WinEventLog:Microsoft-Windows-Sysmon/Operational","XmlWinEventLog:Microsoft-Windows-Sysmon/Operational","DESKTOP-0VN9UV0",,none
,"<Event xmlns='http://schemas.microsoft.com/win/2004/08/events/event'><System><Provider Name='Microsoft-Windows-Sysmon' Guid='{5770385f-c22a-43e0-bf4c-06f5698ffbd9}'/><EventID>1</EventID><Version>5</Version><Level>4</Level><Task>1</Task><Opcode>0</Opcode><Keywords>0x8000000000000000</Keywords><TimeCreated SystemTime='2025-12-06T17:37:52.0278340Z'/><EventRecordID>75103</EventRecordID><Correlation/><Execution ProcessID='2308' ThreadID='2252'/><Channel>Microsoft-Windows-Sysmon/Operational</Channel><Computer>DESKTOP-0VN9UV0</Computer><Security UserID='S-1-5-18'/></System><EventData><Data Name='RuleName'>-</Data><Data Name='UtcTime'>2025-12-06 17:37:52.016</Data><Data Name='ProcessGuid'>{ba015629-69f0-6934-c61c-010000000c00}</Data><Data Name='ProcessId'>5712</Data><Data Name='Image'>C:\Program Files\Splunk\bin\splunk-optimize.exe</Data><Data Name='FileVersion'>10.0.2</Data><Data Name='Description'>splunk-optimize</Data><Data Name='Product'>splunk Application</Data><Data Name='Company'>Splunk Inc.</Data><Data Name='OriginalFileName'>splunk-optimize.exe</Data><Data Name='CommandLine'>splunk-optimize -d ""C:\Program Files\Splunk\var\lib\splunk\defaultdb\db\hot_v1_3"" -x 2847166464 --log-to--splunkd-log --write-level 3 --tsidx-target-size 1572864000 --msidx-comp-block-size 1024</Data><Data Name='CurrentDirectory'>C:\Windows\system32\</Data><Data Name='User'>NT AUTHORITY\SYSTEM</Data><Data Name='LogonGuid'>{ba015629-9e0a-6933-e703-000000000000}</Data><Data Name='LogonId'>0x3e7</Data><Data Name='TerminalSessionId'>0</Data><Data Name='IntegrityLevel'>System</Data><Data Name='Hashes'>MD5=9CC738519F2D72C0418CFA55C7EC1AA8,SHA256=0F436911D99C77BECD70B2BC162DB2F0EC23AEC95D7B0D80ECCC0E9D8BC1AAF9,IMPHASH=1587304F63543B89DB100213C6B8CBF0</Data><Data Name='ParentProcessGuid'>{ba015629-93d1-6933-8616-000000000c00}</Data><Data Name='ParentProcessId'>5980</Data><Data Name='ParentImage'>C:\Program Files\Splunk\bin\splunkd.exe</Data><Data Name='ParentCommandLine'>""C:\Program Files\Splunk\bin\splunkd.exe"" service</Data><Data Name='ParentUser'>NT AUTHORITY\SYSTEM</Data></EventData></Event>","2025-12-06T09:37:52.027-0800",,"DESKTOP-0VN9UV0",main,1,"<_='://../////'><><_='--'_='{----}'/><></><></><><","WinEventLog:Microsoft-Windows-Sysmon/Operational","XmlWinEventLog:Microsoft-Windows-Sysmon/Operational","DESKTOP-0VN9UV0",,none
,"<Event xmlns='http://schemas.microsoft.com/win/2004/08/events/event'><System><Provider Name='Microsoft-Windows-Sysmon' Guid='{5770385f-c22a-43e0-bf4c-06f5698ffbd9}'/><EventID>1</EventID><Version>5</Version><Level>4</Level><Task>1</Task><Opcode>0</Opcode><Keywords>0x8000000000000000</Keywords><TimeCreated SystemTime='2025-12-06T17:37:52.0275462Z'/><EventRecordID>75102</EventRecordID><Correlation/><Execution ProcessID='2308' ThreadID='2252'/><Channel>Microsoft-Windows-Sysmon/Operational</Channel><Computer>DESKTOP-0VN9UV0</Computer><Security UserID='S-1-5-18'/></System><EventData><Data Name='RuleName'>-</Data><Data Name='UtcTime'>2025-12-06 17:37:52.004</Data><Data Name='ProcessGuid'>{ba015629-69f0-6934-c51c-010000000c00}</Data><Data Name='ProcessId'>10160</Data><Data Name='Image'>C:\Program Files\Splunk\bin\splunk-optimize.exe</Data><Data Name='FileVersion'>10.0.2</Data><Data Name='Description'>splunk-optimize</Data><Data Name='Product'>splunk Application</Data><Data Name='Company'>Splunk Inc.</Data><Data Name='OriginalFileName'>splunk-optimize.exe</Data><Data Name='CommandLine'>splunk-optimize -d ""C:\Program Files\Splunk\var\lib\splunk\_introspection\db\hot_v1_3"" -x 2847166464 --log-to--splunkd-log --write-level 3 --tsidx-target-size 1572864000 --msidx-comp-block-size 1024</Data><Data Name='CurrentDirectory'>C:\Windows\system32\</Data><Data Name='User'>NT AUTHORITY\SYSTEM</Data><Data Name='LogonGuid'>{ba015629-9e0a-6933-e703-000000000000}</Data><Data Name='LogonId'>0x3e7</Data><Data Name='TerminalSessionId'>0</Data><Data Name='IntegrityLevel'>System</Data><Data Name='Hashes'>MD5=9CC738519F2D72C0418CFA55C7EC1AA8,SHA256=0F436911D99C77BECD70B2BC162DB2F0EC23AEC95D7B0D80ECCC0E9D8BC1AAF9,IMPHASH=1587304F63543B89DB100213C6B8CBF0</Data><Data Name='ParentProcessGuid'>{ba015629-93d1-6933-8616-000000000c00}</Data><Data Name='ParentProcessId'>5980</Data><Data Name='ParentImage'>C:\Program Files\Splunk\bin\splunkd.exe</Data><Data Name='ParentCommandLine'>""C:\Program Files\Splunk\bin\splunkd.exe"" service</Data><Data Name='ParentUser'>NT AUTHORITY\SYSTEM</Data></EventData></Event>","2025-12-06T09:37:52.027-0800",,"DESKTOP-0VN9UV0",main,1,"<_='://../////'><><_='--'_='{----}'/><></><></><><","WinEventLog:Microsoft-Windows-Sysmon/Operational","XmlWinEventLog:Microsoft-Windows-Sysmon/Operational","DESKTOP-0VN9UV0",,none
,"<Event xmlns='http://schemas.microsoft.com/win/2004/08/events/event'><System><Provider Name='Microsoft-Windows-Sysmon' Guid='{5770385f-c22a-43e0-bf4c-06f5698ffbd9}'/><EventID>1</EventID><Version>5</Version><Level>4</Level><Task>1</Task><Opcode>0</Opcode><Keywords>0x8000000000000000</Keywords><TimeCreated SystemTime='2025-12-06T17:37:52.0026517Z'/><EventRecordID>75101</EventRecordID><Correlation/><Execution ProcessID='2308' ThreadID='2252'/><Channel>Microsoft-Windows-Sysmon/Operational</Channel><Computer>DESKTOP-0VN9UV0</Computer><Security UserID='S-1-5-18'/></System><EventData><Data Name='RuleName'>-</Data><Data Name='UtcTime'>2025-12-06 17:37:51.996</Data><Data Name='ProcessGuid'>{ba015629-69ef-6934-c41c-010000000c00}</Data><Data Name='ProcessId'>1536</Data><Data Name='Image'>C:\Program Files\Splunk\bin\splunk-optimize.exe</Data><Data Name='FileVersion'>10.0.2</Data><Data Name='Description'>splunk-optimize</Data><Data Name='Product'>splunk Application</Data><Data Name='Company'>Splunk Inc.</Data><Data Name='OriginalFileName'>splunk-optimize.exe</Data><Data Name='CommandLine'>splunk-optimize -d ""C:\Program Files\Splunk\var\lib\splunk\_internaldb\db\hot_v1_3"" -x 2847166464 --log-to--splunkd-log --write-level 3 --tsidx-target-size 1572864000 --msidx-comp-block-size 1024</Data><Data Name='CurrentDirectory'>C:\Windows\system32\</Data><Data Name='User'>NT AUTHORITY\SYSTEM</Data><Data Name='LogonGuid'>{ba015629-9e0a-6933-e703-000000000000}</Data><Data Name='LogonId'>0x3e7</Data><Data Name='TerminalSessionId'>0</Data><Data Name='IntegrityLevel'>System</Data><Data Name='Hashes'>MD5=9CC738519F2D72C0418CFA55C7EC1AA8,SHA256=0F436911D99C77BECD70B2BC162DB2F0EC23AEC95D7B0D80ECCC0E9D8BC1AAF9,IMPHASH=1587304F63543B89DB100213C6B8CBF0</Data><Data Name='ParentProcessGuid'>{ba015629-93d1-6933-8616-000000000c00}</Data><Data Name='ParentProcessId'>5980</Data><Data Name='ParentImage'>C:\Program Files\Splunk\bin\splunkd.exe</Data><Data Name='ParentCommandLine'>""C:\Program Files\Splunk\bin\splunkd.exe"" service</Data><Data Name='ParentUser'>NT AUTHORITY\SYSTEM</Data></EventData></Event>","2025-12-06T09:37:52.002-0800",,"DESKTOP-0VN9UV0",main,1,"<_='://../////'><><_='--'_='{----}'/><></><></><><","WinEventLog:Microsoft-Windows-Sysmon/Operational","XmlWinEventLog:Microsoft-Windows-Sysmon/Operational","DESKTOP-0VN9UV0",,none
,"<Event xmlns='http://schemas.microsoft.com/win/2004/08/events/event'><System><Provider Name='Microsoft-Windows-Sysmon' Guid='{5770385f-c22a-43e0-bf4c-06f5698ffbd9}'/><EventID>1</EventID><Version>5</Version><Level>4</Level><Task>1</Task><Opcode>0</Opcode><Keywords>0x8000000000000000</Keywords><TimeCreated SystemTime='2025-12-06T17:37:51.9781863Z'/><EventRecordID>75100</EventRecordID><Correlation/><Execution ProcessID='2308' ThreadID='2252'/><Channel>Microsoft-Windows-Sysmon/Operational</Channel><Computer>DESKTOP-0VN9UV0</Computer><Security UserID='S-1-5-18'/></System><EventData><Data Name='RuleName'>-</Data><Data Name='UtcTime'>2025-12-06 17:37:51.969</Data><Data Name='ProcessGuid'>{ba015629-69ef-6934-c31c-010000000c00}</Data><Data Name='ProcessId'>6660</Data><Data Name='Image'>C:\Program Files\Splunk\bin\splunk-netmon.exe</Data><Data Name='FileVersion'>10.0.2</Data><Data Name='Description'>Network monitor</Data><Data Name='Product'>Splunk Application</Data><Data Name='Company'>Splunk Inc.</Data><Data Name='OriginalFileName'>splunk-netmon.exe</Data><Data Name='CommandLine'>""C:\Program Files\Splunk\bin\splunk-netmon.exe""</Data><Data Name='CurrentDirectory'>C:\Windows\system32\</Data><Data Name='User'>NT AUTHORITY\SYSTEM</Data><Data Name='LogonGuid'>{ba015629-9e0a-6933-e703-000000000000}</Data><Data Name='LogonId'>0x3e7</Data><Data Name='TerminalSessionId'>0</Data><Data Name='IntegrityLevel'>System</Data><Data Name='Hashes'>MD5=EE76ADFFBA5B42130EA7B38E612FF0BC,SHA256=D2121BDAF8F63B85CFA39ACD34EA7A6D2978F327BB2E5720DB3584C06A82B7A4,IMPHASH=A424DE954C187E7C5D6CFD826F9C9D31</Data><Data Name='ParentProcessGuid'>{ba015629-93d1-6933-8616-000000000c00}</Data><Data Name='ParentProcessId'>5980</Data><Data Name='ParentImage'>C:\Program Files\Splunk\bin\splunkd.exe</Data><Data Name='ParentCommandLine'>""C:\Program Files\Splunk\bin\splunkd.exe"" service</Data><Data Name='ParentUser'>NT AUTHORITY\SYSTEM</Data></EventData></Event>","2025-12-06T09:37:51.978-0800",,"DESKTOP-0VN9UV0",main,1,"<_='://../////'><><_='--'_='{----}'/><></><></><><","WinEventLog:Microsoft-Windows-Sysmon/Operational","XmlWinEventLog:Microsoft-Windows-Sysmon/Operational","DESKTOP-0VN9UV0",,none
,"<Event xmlns='http://schemas.microsoft.com/win/2004/08/events/event'><System><Provider Name='Microsoft-Windows-Sysmon' Guid='{5770385f-c22a-43e0-bf4c-06f5698ffbd9}'/><EventID>1</EventID><Version>5</Version><Level>4</Level><Task>1</Task><Opcode>0</Opcode><Keywords>0x8000000000000000</Keywords><TimeCreated SystemTime='2025-12-06T17:37:48.9911513Z'/><EventRecordID>75099</EventRecordID><Correlation/><Execution ProcessID='2308' ThreadID='2252'/><Channel>Microsoft-Windows-Sysmon/Operational</Channel><Computer>DESKTOP-0VN9UV0</Computer><Security UserID='S-1-5-18'/></System><EventData><Data Name='RuleName'>-</Data><Data Name='UtcTime'>2025-12-06 17:37:48.979</Data><Data Name='ProcessGuid'>{ba015629-69ec-6934-c21c-010000000c00}</Data><Data Name='ProcessId'>8308</Data><Data Name='Image'>C:\Program Files\Splunk\bin\splunk-optimize.exe</Data><Data Name='FileVersion'>10.0.2</Data><Data Name='Description'>splunk-optimize</Data><Data Name='Product'>splunk Application</Data><Data Name='Company'>Splunk Inc.</Data><Data Name='OriginalFileName'>splunk-optimize.exe</Data><Data Name='CommandLine'>splunk-optimize -d ""C:\Program Files\Splunk\var\lib\splunk\audit\db\hot_v1_3"" -x 2847175680 --log-to--splunkd-log --write-level 3 --tsidx-target-size 1572864000 --msidx-comp-block-size 1024</Data><Data Name='CurrentDirectory'>C:\Windows\system32\</Data><Data Name='User'>NT AUTHORITY\SYSTEM</Data><Data Name='LogonGuid'>{ba015629-9e0a-6933-e703-000000000000}</Data><Data Name='LogonId'>0x3e7</Data><Data Name='TerminalSessionId'>0</Data><Data Name='IntegrityLevel'>System</Data><Data Name='Hashes'>MD5=9CC738519F2D72C0418CFA55C7EC1AA8,SHA256=0F436911D99C77BECD70B2BC162DB2F0EC23AEC95D7B0D80ECCC0E9D8BC1AAF9,IMPHASH=1587304F63543B89DB100213C6B8CBF0</Data><Data Name='ParentProcessGuid'>{ba015629-93d1-6933-8616-000000000c00}</Data><Data Name='ParentProcessId'>5980</Data><Data Name='ParentImage'>C:\Program Files\Splunk\bin\splunkd.exe</Data><Data Name='ParentCommandLine'>""C:\Program Files\Splunk\bin\splunkd.exe"" service</Data><Data Name='ParentUser'>NT AUTHORITY\SYSTEM</Data></EventData></Event>","2025-12-06T09:37:48.991-0800",,"DESKTOP-0VN9UV0",main,1,"<_='://../////'><><_='--'_='{----}'/><></><></><><","WinEventLog:Microsoft-Windows-Sysmon/Operational","XmlWinEventLog:Microsoft-Windows-Sysmon/Operational","DESKTOP-0VN9UV0",,none
,"<Event xmlns='http://schemas.microsoft.com/win/2004/08/events/event'><System><Provider Name='Microsoft-Windows-Sysmon' Guid='{5770385f-c22a-43e0-bf4c-06f5698ffbd9}'/><EventID>1</EventID><Version>5</Version><Level>4</Level><Task>1</Task><Opcode>0</Opcode><Keywords>0x8000000000000000</Keywords><TimeCreated SystemTime='2025-12-06T17:37:47.3007759Z'/><EventRecordID>75098</EventRecordID><Correlation/><Execution ProcessID='2308' ThreadID='2252'/><Channel>Microsoft-Windows-Sysmon/Operational</Channel><Computer>DESKTOP-0VN9UV0</Computer><Security UserID='S-1-5-18'/></System><EventData><Data Name='RuleName'>-</Data><Data Name='UtcTime'>2025-12-06 17:37:47.297</Data><Data Name='ProcessGuid'>{ba015629-69eb-6934-c11c-010000000c00}</Data><Data Name='ProcessId'>7268</Data><Data Name='Image'>C:\Program Files\Splunk\bin\splunkd.exe</Data><Data Name='FileVersion'>10.0.2</Data><Data Name='Description'>splunkd service</Data><Data Name='Product'>splunk Application</Data><Data Name='Company'>Splunk Inc.</Data><Data Name='OriginalFileName'>splunkd.exe</Data><Data Name='CommandLine'>""C:\Program Files\Splunk\bin\SplunkD.EXE"" btool web list --app=system</Data><Data Name='CurrentDirectory'>C:\Windows\system32\</Data><Data Name='User'>NT AUTHORITY\SYSTEM</Data><Data Name='LogonGuid'>{ba015629-9e0a-6933-e703-000000000000}</Data><Data Name='LogonId'>0x3e7</Data><Data Name='TerminalSessionId'>0</Data><Data Name='IntegrityLevel'>System</Data><Data Name='Hashes'>MD5=521D735B207B929B9ADB9A2EBCB9E72F,SHA256=B4134782D74A264977B75723426BD1344AFDC3D7082298D785D0C6BAD72FBB39,IMPHASH=086BF8B748142176C17227AD66489A41</Data><Data Name='ParentProcessGuid'>{ba015629-69eb-6934-c01c-010000000c00}</Data><Data Name='ParentProcessId'>6252</Data><Data Name='ParentImage'>C:\Program Files\Splunk\bin\btool.exe</Data><Data Name='ParentCommandLine'>btool web list --app=system</Data><Data Name='ParentUser'>NT AUTHORITY\SYSTEM</Data></EventData></Event>","2025-12-06T09:37:47.300-0800",,"DESKTOP-0VN9UV0",main,1,"<_='://../////'><><_='--'_='{----}'/><></><></><><","WinEventLog:Microsoft-Windows-Sysmon/Operational","XmlWinEventLog:Microsoft-Windows-Sysmon/Operational","DESKTOP-0VN9UV0",,none
,"<Event xmlns='http://schemas.microsoft.com/win/2004/08/events/event'><System><Provider Name='Microsoft-Windows-Sysmon' Guid='{5770385f-c22a-43e0-bf4c-06f5698ffbd9}'/><EventID>1</EventID><Version>5</Version><Level>4</Level><Task>1</Task><Opcode>0</Opcode><Keywords>0x8000000000000000</Keywords><TimeCreated SystemTime='2025-12-06T17:37:47.2860347Z'/><EventRecordID>75097</EventRecordID><Correlation/><Execution ProcessID='2308' ThreadID='2252'/><Channel>Microsoft-Windows-Sysmon/Operational</Channel><Computer>DESKTOP-0VN9UV0</Computer><Security UserID='S-1-5-18'/></System><EventData><Data Name='RuleName'>-</Data><Data Name='UtcTime'>2025-12-06 17:37:47.281</Data><Data Name='ProcessGuid'>{ba015629-69eb-6934-c01c-010000000c00}</Data><Data Name='ProcessId'>6252</Data><Data Name='Image'>C:\Program Files\Splunk\bin\btool.exe</Data><Data Name='FileVersion'>10.0.2</Data><Data Name='Description'>btool</Data><Data Name='Product'>splunk Application</Data><Data Name='Company'>Splunk Inc.</Data><Data Name='OriginalFileName'>btool.exe</Data><Data Name='CommandLine'>btool web list --app=system</Data><Data Name='CurrentDirectory'>C:\Windows\system32\</Data><Data Name='User'>NT AUTHORITY\SYSTEM</Data><Data Name='LogonGuid'>{ba015629-9e0a-6933-e703-000000000000}</Data><Data Name='LogonId'>0x3e7</Data><Data Name='TerminalSessionId'>0</Data><Data Name='IntegrityLevel'>System</Data><Data Name='Hashes'>MD5=D221DFCE05BFD3EBE5391680EA0DB7E3,SHA256=9E98B25CFE4D40E914524D769ED1CAB82E64296E16C013B11E39794213F340D8,IMPHASH=09BF5EE45ACECFF7F1A16E908831F7A6</Data><Data Name='ParentProcessGuid'>{ba015629-69eb-6934-bf1c-010000000c00}</Data><Data Name='ParentProcessId'>5220</Data><Data Name='ParentImage'>C:\Program Files\Splunk\bin\splunk.exe</Data><Data Name='ParentCommandLine'>""C:\Program Files\Splunk\bin\splunk"" cmd btool web list --app=system</Data><Data Name='ParentUser'>NT AUTHORITY\SYSTEM</Data></EventData></Event>","2025-12-06T09:37:47.286-0800",,"DESKTOP-0VN9UV0",main,1,"<_='://../////'><><_='--'_='{----}'/><></><></><><","WinEventLog:Microsoft-Windows-Sysmon/Operational","XmlWinEventLog:Microsoft-Windows-Sysmon/Operational","DESKTOP-0VN9UV0",,none
,"<Event xmlns='http://schemas.microsoft.com/win/2004/08/events/event'><System><Provider Name='Microsoft-Windows-Sysmon' Guid='{5770385f-c22a-43e0-bf4c-06f5698ffbd9}'/><EventID>1</EventID><Version>5</Version><Level>4</Level><Task>1</Task><Opcode>0</Opcode><Keywords>0x8000000000000000</Keywords><TimeCreated SystemTime='2025-12-06T17:37:47.2675617Z'/><EventRecordID>75096</EventRecordID><Correlation/><Execution ProcessID='2308' ThreadID='2252'/><Channel>Microsoft-Windows-Sysmon/Operational</Channel><Computer>DESKTOP-0VN9UV0</Computer><Security UserID='S-1-5-18'/></System><EventData><Data Name='RuleName'>-</Data><Data Name='UtcTime'>2025-12-06 17:37:47.261</Data><Data Name='ProcessGuid'>{ba015629-69eb-6934-bf1c-010000000c00}</Data><Data Name='ProcessId'>5220</Data><Data Name='Image'>C:\Program Files\Splunk\bin\splunk.exe</Data><Data Name='FileVersion'>10.0.2</Data><Data Name='Description'>splunk Application</Data><Data Name='Product'>splunk Application</Data><Data Name='Company'>Splunk Inc.</Data><Data Name='OriginalFileName'>splunk.exe</Data><Data Name='CommandLine'>""C:\Program Files\Splunk\bin\splunk"" cmd btool web list --app=system</Data><Data Name='CurrentDirectory'>C:\Windows\system32\</Data><Data Name='User'>NT AUTHORITY\SYSTEM</Data><Data Name='LogonGuid'>{ba015629-9e0a-6933-e703-000000000000}</Data><Data Name='LogonId'>0x3e7</Data><Data Name='TerminalSessionId'>0</Data><Data Name='IntegrityLevel'>System</Data><Data Name='Hashes'>MD5=4EFFEB0A4A68D2BC83F8CF8F3099EBD9,SHA256=3485883B4F7943C984161694C03FC87E85A7773FE8183C367A6978782D25034B,IMPHASH=7985450D02BFD1FD1B3405F09FACFADC</Data><Data Name='ParentProcessGuid'>{ba015629-69e7-6934-b21c-010000000c00}</Data><Data Name='ParentProcessId'>8732</Data><Data Name='ParentImage'>C:\Program Files\Splunk\bin\python3.9.exe</Data><Data Name='ParentCommandLine'>""C:\Program Files\Splunk\bin\Python3.9.exe"" ""C:\Program Files\Splunk\etc\apps\splunk_secure_gateway\bin\ssg_enable_modular_input.py""</Data><Data Name='ParentUser'>NT AUTHORITY\SYSTEM</Data></EventData></Event>","2025-12-06T09:37:47.267-0800",,"DESKTOP-0VN9UV0",main,1,"<_='://../////'><><_='--'_='{----}'/><></><></><><","WinEventLog:Microsoft-Windows-Sysmon/Operational","XmlWinEventLog:Microsoft-Windows-Sysmon/Operational","DESKTOP-0VN9UV0",,none
,"<Event xmlns='http://schemas.microsoft.com/win/2004/08/events/event'><System><Provider Name='Microsoft-Windows-Sysmon' Guid='{5770385f-c22a-43e0-bf4c-06f5698ffbd9}'/><EventID>1</EventID><Version>5</Version><Level>4</Level><Task>1</Task><Opcode>0</Opcode><Keywords>0x8000000000000000</Keywords><TimeCreated SystemTime='2025-12-06T17:37:47.1496035Z'/><EventRecordID>75095</EventRecordID><Correlation/><Execution ProcessID='2308' ThreadID='2252'/><Channel>Microsoft-Windows-Sysmon/Operational</Channel><Computer>DESKTOP-0VN9UV0</Computer><Security UserID='S-1-5-18'/></System><EventData><Data Name='RuleName'>-</Data><Data Name='UtcTime'>2025-12-06 17:37:47.145</Data><Data Name='ProcessGuid'>{ba015629-69eb-6934-be1c-010000000c00}</Data><Data Name='ProcessId'>4784</Data><Data Name='Image'>C:\Program Files\Splunk\bin\splunkd.exe</Data><Data Name='FileVersion'>10.0.2</Data><Data Name='Description'>splunkd service</Data><Data Name='Product'>splunk Application</Data><Data Name='Company'>Splunk Inc.</Data><Data Name='OriginalFileName'>splunkd.exe</Data><Data Name='CommandLine'>""C:\Program Files\Splunk\bin\SplunkD.EXE"" btool server list --app=system</Data><Data Name='CurrentDirectory'>C:\Windows\system32\</Data><Data Name='User'>NT AUTHORITY\SYSTEM</Data><Data Name='LogonGuid'>{ba015629-9e0a-6933-e703-000000000000}</Data><Data Name='LogonId'>0x3e7</Data><Data Name='TerminalSessionId'>0</Data><Data Name='IntegrityLevel'>System</Data><Data Name='Hashes'>MD5=521D735B207B929B9ADB9A2EBCB9E72F,SHA256=B4134782D74A264977B75723426BD1344AFDC3D7082298D785D0C6BAD72FBB39,IMPHASH=086BF8B748142176C17227AD66489A41</Data><Data Name='ParentProcessGuid'>{ba015629-69eb-6934-bd1c-010000000c00}</Data><Data Name='ParentProcessId'>8784</Data><Data Name='ParentImage'>C:\Program Files\Splunk\bin\btool.exe</Data><Data Name='ParentCommandLine'>btool server list --app=system</Data><Data Name='ParentUser'>NT AUTHORITY\SYSTEM</Data></EventData></Event>","2025-12-06T09:37:47.149-0800",,"DESKTOP-0VN9UV0",main,1,"<_='://../////'><><_='--'_='{----}'/><></><></><><","WinEventLog:Microsoft-Windows-Sysmon/Operational","XmlWinEventLog:Microsoft-Windows-Sysmon/Operational","DESKTOP-0VN9UV0",,none
,"<Event xmlns='http://schemas.microsoft.com/win/2004/08/events/event'><System><Provider Name='Microsoft-Windows-Sysmon' Guid='{5770385f-c22a-43e0-bf4c-06f5698ffbd9}'/><EventID>1</EventID><Version>5</Version><Level>4</Level><Task>1</Task><Opcode>0</Opcode><Keywords>0x8000000000000000</Keywords><TimeCreated SystemTime='2025-12-06T17:37:47.1341475Z'/><EventRecordID>75094</EventRecordID><Correlation/><Execution ProcessID='2308' ThreadID='2252'/><Channel>Microsoft-Windows-Sysmon/Operational</Channel><Computer>DESKTOP-0VN9UV0</Computer><Security UserID='S-1-5-18'/></System><EventData><Data Name='RuleName'>-</Data><Data Name='UtcTime'>2025-12-06 17:37:47.129</Data><Data Name='ProcessGuid'>{ba015629-69eb-6934-bd1c-010000000c00}</Data><Data Name='ProcessId'>8784</Data><Data Name='Image'>C:\Program Files\Splunk\bin\btool.exe</Data><Data Name='FileVersion'>10.0.2</Data><Data Name='Description'>btool</Data><Data Name='Product'>splunk Application</Data><Data Name='Company'>Splunk Inc.</Data><Data Name='OriginalFileName'>btool.exe</Data><Data Name='CommandLine'>btool server list --app=system</Data><Data Name='CurrentDirectory'>C:\Windows\system32\</Data><Data Name='User'>NT AUTHORITY\SYSTEM</Data><Data Name='LogonGuid'>{ba015629-9e0a-6933-e703-000000000000}</Data><Data Name='LogonId'>0x3e7</Data><Data Name='TerminalSessionId'>0</Data><Data Name='IntegrityLevel'>System</Data><Data Name='Hashes'>MD5=D221DFCE05BFD3EBE5391680EA0DB7E3,SHA256=9E98B25CFE4D40E914524D769ED1CAB82E64296E16C013B11E39794213F340D8,IMPHASH=09BF5EE45ACECFF7F1A16E908831F7A6</Data><Data Name='ParentProcessGuid'>{ba015629-69eb-6934-bc1c-010000000c00}</Data><Data Name='ParentProcessId'>8348</Data><Data Name='ParentImage'>C:\Program Files\Splunk\bin\splunk.exe</Data><Data Name='ParentCommandLine'>""C:\Program Files\Splunk\bin\splunk"" cmd btool server list --app=system</Data><Data Name='ParentUser'>NT AUTHORITY\SYSTEM</Data></EventData></Event>","2025-12-06T09:37:47.134-0800",,"DESKTOP-0VN9UV0",main,1,"<_='://../////'><><_='--'_='{----}'/><></><></><><","WinEventLog:Microsoft-Windows-Sysmon/Operational","XmlWinEventLog:Microsoft-Windows-Sysmon/Operational","DESKTOP-0VN9UV0",,none
