,"<Event xmlns='http://schemas.microsoft.com/win/2004/08/events/event'><System><Provider Name='Microsoft-Windows-Sysmon' Guid='{5770385f-c22a-43e0-bf4c-06f5698ffbd9}'/><EventID>1</EventID><Version>5</Version><Level>4</Level><Task>1</Task><Opcode>0</Opcode><Keywords>0x8000000000000000</Keywords><TimeCreated SystemTime='2025-12-06T17:36:59.0648979Z'/><EventRecordID>75030</EventRecordID><Correlation/><Execution ProcessID='2308' ThreadID='2252'/><Channel>Microsoft-Windows-Sysmon/Operational</Channel><Computer>DESKTOP-0VN9UV0</Computer><Security UserID='S-1-5-18'/></System><EventData><Data Name='RuleName'>-</Data><Data Name='UtcTime'>2025-12-06 17:36:59.033</Data><Data Name='ProcessGuid'>{ba015629-69bb-6934-7d1c-010000000c00}</Data><Data Name='ProcessId'>5552</Data><Data Name='Image'>C:\Program Files\Splunk\bin\splunk-optimize.exe</Data><Data Name='FileVersion'>10.0.2</Data><Data Name='Description'>splunk-optimize</Data><Data Name='Product'>splunk Application</Data><Data Name='Company'>Splunk Inc.</Data><Data Name='OriginalFileName'>splunk-optimize.exe</Data><Data Name='CommandLine'>splunk-optimize -d ""C:\Program Files\Splunk\var\lib\splunk\defaultdb\db\hot_v1_3"" -x 2847871488 --log-to--splunkd-log --write-level 3 --tsidx-target-size 1572864000 --msidx-comp-block-size 1024</Data><Data Name='CurrentDirectory'>C:\Windows\system32\</Data><Data Name='User'>NT AUTHORITY\SYSTEM</Data><Data Name='LogonGuid'>{ba015629-9e0a-6933-e703-000000000000}</Data><Data Name='LogonId'>0x3e7</Data><Data Name='TerminalSessionId'>0</Data><Data Name='IntegrityLevel'>System</Data><Data Name='Hashes'>MD5=9CC738519F2D72C0418CFA55C7EC1AA8,SHA256=0F436911D99C77BECD70B2BC162DB2F0EC23AEC95D7B0D80ECCC0E9D8BC1AAF9,IMPHASH=1587304F63543B89DB100213C6B8CBF0</Data><Data Name='ParentProcessGuid'>{ba015629-93d1-6933-8616-000000000c00}</Data><Data Name='ParentProcessId'>5980</Data><Data Name='ParentImage'>C:\Program Files\Splunk\bin\splunkd.exe</Data><Data Name='ParentCommandLine'>""C:\Program Files\Splunk\bin\splunkd.exe"" service</Data><Data Name='ParentUser'>NT AUTHORITY\SYSTEM</Data></EventData></Event>","2025-12-06T09:36:59.064-0800",,"DESKTOP-0VN9UV0",main,1,"<_='://../////'><><_='--'_='{----}'/><></><></><><","WinEventLog:Microsoft-Windows-Sysmon/Operational","XmlWinEventLog:Microsoft-Windows-Sysmon/Operational","DESKTOP-0VN9UV0",,none
,"<Event xmlns='http://schemas.microsoft.com/win/2004/08/events/event'><System><Provider Name='Microsoft-Windows-Sysmon' Guid='{5770385f-c22a-43e0-bf4c-06f5698ffbd9}'/><EventID>1</EventID><Version>5</Version><Level>4</Level><Task>1</Task><Opcode>0</Opcode><Keywords>0x8000000000000000</Keywords><TimeCreated SystemTime='2025-12-06T17:36:59.0289733Z'/><EventRecordID>75029</EventRecordID><Correlation/><Execution ProcessID='2308' ThreadID='2252'/><Channel>Microsoft-Windows-Sysmon/Operational</Channel><Computer>DESKTOP-0VN9UV0</Computer><Security UserID='S-1-5-18'/></System><EventData><Data Name='RuleName'>-</Data><Data Name='UtcTime'>2025-12-06 17:36:59.013</Data><Data Name='ProcessGuid'>{ba015629-69bb-6934-7c1c-010000000c00}</Data><Data Name='ProcessId'>6192</Data><Data Name='Image'>C:\Program Files\Splunk\bin\splunk-optimize.exe</Data><Data Name='FileVersion'>10.0.2</Data><Data Name='Description'>splunk-optimize</Data><Data Name='Product'>splunk Application</Data><Data Name='Company'>Splunk Inc.</Data><Data Name='OriginalFileName'>splunk-optimize.exe</Data><Data Name='CommandLine'>splunk-optimize -d ""C:\Program Files\Splunk\var\lib\splunk\_introspection\db\hot_v1_3"" -x 2847873024 --log-to--splunkd-log --write-level 3 --tsidx-target-size 1572864000 --msidx-comp-block-size 1024</Data><Data Name='CurrentDirectory'>C:\Windows\system32\</Data><Data Name='User'>NT AUTHORITY\SYSTEM</Data><Data Name='LogonGuid'>{ba015629-9e0a-6933-e703-000000000000}</Data><Data Name='LogonId'>0x3e7</Data><Data Name='TerminalSessionId'>0</Data><Data Name='IntegrityLevel'>System</Data><Data Name='Hashes'>MD5=9CC738519F2D72C0418CFA55C7EC1AA8,SHA256=0F436911D99C77BECD70B2BC162DB2F0EC23AEC95D7B0D80ECCC0E9D8BC1AAF9,IMPHASH=1587304F63543B89DB100213C6B8CBF0</Data><Data Name='ParentProcessGuid'>{ba015629-93d1-6933-8616-000000000c00}</Data><Data Name='ParentProcessId'>5980</Data><Data Name='ParentImage'>C:\Program Files\Splunk\bin\splunkd.exe</Data><Data Name='ParentCommandLine'>""C:\Program Files\Splunk\bin\splunkd.exe"" service</Data><Data Name='ParentUser'>NT AUTHORITY\SYSTEM</Data></EventData></Event>","2025-12-06T09:36:59.028-0800",,"DESKTOP-0VN9UV0",main,1,"<_='://../////'><><_='--'_='{----}'/><></><></><><","WinEventLog:Microsoft-Windows-Sysmon/Operational","XmlWinEventLog:Microsoft-Windows-Sysmon/Operational","DESKTOP-0VN9UV0",,none
,"<Event xmlns='http://schemas.microsoft.com/win/2004/08/events/event'><System><Provider Name='Microsoft-Windows-Sysmon' Guid='{5770385f-c22a-43e0-bf4c-06f5698ffbd9}'/><EventID>1</EventID><Version>5</Version><Level>4</Level><Task>1</Task><Opcode>0</Opcode><Keywords>0x8000000000000000</Keywords><TimeCreated SystemTime='2025-12-06T17:36:59.0085992Z'/><EventRecordID>75028</EventRecordID><Correlation/><Execution ProcessID='2308' ThreadID='2252'/><Channel>Microsoft-Windows-Sysmon/Operational</Channel><Computer>DESKTOP-0VN9UV0</Computer><Security UserID='S-1-5-18'/></System><EventData><Data Name='RuleName'>-</Data><Data Name='UtcTime'>2025-12-06 17:36:58.999</Data><Data Name='ProcessGuid'>{ba015629-69ba-6934-7b1c-010000000c00}</Data><Data Name='ProcessId'>7040</Data><Data Name='Image'>C:\Program Files\Splunk\bin\splunk-optimize.exe</Data><Data Name='FileVersion'>10.0.2</Data><Data Name='Description'>splunk-optimize</Data><Data Name='Product'>splunk Application</Data><Data Name='Company'>Splunk Inc.</Data><Data Name='OriginalFileName'>splunk-optimize.exe</Data><Data Name='CommandLine'>splunk-optimize -d ""C:\Program Files\Splunk\var\lib\splunk\_internaldb\db\hot_v1_3"" -x 2847873536 --log-to--splunkd-log --write-level 3 --tsidx-target-size 1572864000 --msidx-comp-block-size 1024</Data><Data Name='CurrentDirectory'>C:\Windows\system32\</Data><Data Name='User'>NT AUTHORITY\SYSTEM</Data><Data Name='LogonGuid'>{ba015629-9e0a-6933-e703-000000000000}</Data><Data Name='LogonId'>0x3e7</Data><Data Name='TerminalSessionId'>0</Data><Data Name='IntegrityLevel'>System</Data><Data Name='Hashes'>MD5=9CC738519F2D72C0418CFA55C7EC1AA8,SHA256=0F436911D99C77BECD70B2BC162DB2F0EC23AEC95D7B0D80ECCC0E9D8BC1AAF9,IMPHASH=1587304F63543B89DB100213C6B8CBF0</Data><Data Name='ParentProcessGuid'>{ba015629-93d1-6933-8616-000000000c00}</Data><Data Name='ParentProcessId'>5980</Data><Data Name='ParentImage'>C:\Program Files\Splunk\bin\splunkd.exe</Data><Data Name='ParentCommandLine'>""C:\Program Files\Splunk\bin\splunkd.exe"" service</Data><Data Name='ParentUser'>NT AUTHORITY\SYSTEM</Data></EventData></Event>","2025-12-06T09:36:59.008-0800",,"DESKTOP-0VN9UV0",main,1,"<_='://../////'><><_='--'_='{----}'/><></><></><><","WinEventLog:Microsoft-Windows-Sysmon/Operational","XmlWinEventLog:Microsoft-Windows-Sysmon/Operational","DESKTOP-0VN9UV0",,none
,"<Event xmlns='http://schemas.microsoft.com/win/2004/08/events/event'><System><Provider Name='Microsoft-Windows-Sysmon' Guid='{5770385f-c22a-43e0-bf4c-06f5698ffbd9}'/><EventID>1</EventID><Version>5</Version><Level>4</Level><Task>1</Task><Opcode>0</Opcode><Keywords>0x8000000000000000</Keywords><TimeCreated SystemTime='2025-12-06T17:36:58.9945779Z'/><EventRecordID>75027</EventRecordID><Correlation/><Execution ProcessID='2308' ThreadID='2252'/><Channel>Microsoft-Windows-Sysmon/Operational</Channel><Computer>DESKTOP-0VN9UV0</Computer><Security UserID='S-1-5-18'/></System><EventData><Data Name='RuleName'>-</Data><Data Name='UtcTime'>2025-12-06 17:36:58.969</Data><Data Name='ProcessGuid'>{ba015629-69ba-6934-7a1c-010000000c00}</Data><Data Name='ProcessId'>5148</Data><Data Name='Image'>C:\Program Files\Splunk\bin\splunk-optimize.exe</Data><Data Name='FileVersion'>10.0.2</Data><Data Name='Description'>splunk-optimize</Data><Data Name='Product'>splunk Application</Data><Data Name='Company'>Splunk Inc.</Data><Data Name='OriginalFileName'>splunk-optimize.exe</Data><Data Name='CommandLine'>splunk-optimize -d ""C:\Program Files\Splunk\var\lib\splunk\audit\db\hot_v1_3"" -x 2847873536 --log-to--splunkd-log --write-level 3 --tsidx-target-size 1572864000 --msidx-comp-block-size 1024</Data><Data Name='CurrentDirectory'>C:\Windows\system32\</Data><Data Name='User'>NT AUTHORITY\SYSTEM</Data><Data Name='LogonGuid'>{ba015629-9e0a-6933-e703-000000000000}</Data><Data Name='LogonId'>0x3e7</Data><Data Name='TerminalSessionId'>0</Data><Data Name='IntegrityLevel'>System</Data><Data Name='Hashes'>MD5=9CC738519F2D72C0418CFA55C7EC1AA8,SHA256=0F436911D99C77BECD70B2BC162DB2F0EC23AEC95D7B0D80ECCC0E9D8BC1AAF9,IMPHASH=1587304F63543B89DB100213C6B8CBF0</Data><Data Name='ParentProcessGuid'>{ba015629-93d1-6933-8616-000000000c00}</Data><Data Name='ParentProcessId'>5980</Data><Data Name='ParentImage'>C:\Program Files\Splunk\bin\splunkd.exe</Data><Data Name='ParentCommandLine'>""C:\Program Files\Splunk\bin\splunkd.exe"" service</Data><Data Name='ParentUser'>NT AUTHORITY\SYSTEM</Data></EventData></Event>","2025-12-06T09:36:58.994-0800",,"DESKTOP-0VN9UV0",main,1,"<_='://../////'><><_='--'_='{----}'/><></><></><><","WinEventLog:Microsoft-Windows-Sysmon/Operational","XmlWinEventLog:Microsoft-Windows-Sysmon/Operational","DESKTOP-0VN9UV0",,none
,"<Event xmlns='http://schemas.microsoft.com/win/2004/08/events/event'><System><Provider Name='Microsoft-Windows-Sysmon' Guid='{5770385f-c22a-43e0-bf4c-06f5698ffbd9}'/><EventID>1</EventID><Version>5</Version><Level>4</Level><Task>1</Task><Opcode>0</Opcode><Keywords>0x8000000000000000</Keywords><TimeCreated SystemTime='2025-12-06T17:36:57.0426450Z'/><EventRecordID>75026</EventRecordID><Correlation/><Execution ProcessID='2308' ThreadID='2252'/><Channel>Microsoft-Windows-Sysmon/Operational</Channel><Computer>DESKTOP-0VN9UV0</Computer><Security UserID='S-1-5-18'/></System><EventData><Data Name='RuleName'>-</Data><Data Name='UtcTime'>2025-12-06 17:36:57.035</Data><Data Name='ProcessGuid'>{ba015629-69b9-6934-791c-010000000c00}</Data><Data Name='ProcessId'>5276</Data><Data Name='Image'>C:\Program Files\Splunk\bin\splunk-optimize.exe</Data><Data Name='FileVersion'>10.0.2</Data><Data Name='Description'>splunk-optimize</Data><Data Name='Product'>splunk Application</Data><Data Name='Company'>Splunk Inc.</Data><Data Name='OriginalFileName'>splunk-optimize.exe</Data><Data Name='CommandLine'>splunk-optimize -d ""C:\Program Files\Splunk\var\lib\splunk\_metrics\db\hot_v1_19"" -x 2847884800 --log-to--splunkd-log --write-level 3 --tsidx-target-size 1572864000 --msidx-comp-block-size 1024</Data><Data Name='CurrentDirectory'>C:\Windows\system32\</Data><Data Name='User'>NT AUTHORITY\SYSTEM</Data><Data Name='LogonGuid'>{ba015629-9e0a-6933-e703-000000000000}</Data><Data Name='LogonId'>0x3e7</Data><Data Name='TerminalSessionId'>0</Data><Data Name='IntegrityLevel'>System</Data><Data Name='Hashes'>MD5=9CC738519F2D72C0418CFA55C7EC1AA8,SHA256=0F436911D99C77BECD70B2BC162DB2F0EC23AEC95D7B0D80ECCC0E9D8BC1AAF9,IMPHASH=1587304F63543B89DB100213C6B8CBF0</Data><Data Name='ParentProcessGuid'>{ba015629-93d1-6933-8616-000000000c00}</Data><Data Name='ParentProcessId'>5980</Data><Data Name='ParentImage'>C:\Program Files\Splunk\bin\splunkd.exe</Data><Data Name='ParentCommandLine'>""C:\Program Files\Splunk\bin\splunkd.exe"" service</Data><Data Name='ParentUser'>NT AUTHORITY\SYSTEM</Data></EventData></Event>","2025-12-06T09:36:57.042-0800",,"DESKTOP-0VN9UV0",main,1,"<_='://../////'><><_='--'_='{----}'/><></><></><><","WinEventLog:Microsoft-Windows-Sysmon/Operational","XmlWinEventLog:Microsoft-Windows-Sysmon/Operational","DESKTOP-0VN9UV0",,none
,"<Event xmlns='http://schemas.microsoft.com/win/2004/08/events/event'><System><Provider Name='Microsoft-Windows-Sysmon' Guid='{5770385f-c22a-43e0-bf4c-06f5698ffbd9}'/><EventID>1</EventID><Version>5</Version><Level>4</Level><Task>1</Task><Opcode>0</Opcode><Keywords>0x8000000000000000</Keywords><TimeCreated SystemTime='2025-12-06T17:36:57.0287511Z'/><EventRecordID>75025</EventRecordID><Correlation/><Execution ProcessID='2308' ThreadID='2252'/><Channel>Microsoft-Windows-Sysmon/Operational</Channel><Computer>DESKTOP-0VN9UV0</Computer><Security UserID='S-1-5-18'/></System><EventData><Data Name='RuleName'>-</Data><Data Name='UtcTime'>2025-12-06 17:36:57.010</Data><Data Name='ProcessGuid'>{ba015629-69b9-6934-781c-010000000c00}</Data><Data Name='ProcessId'>1536</Data><Data Name='Image'>C:\Program Files\Splunk\bin\splunk-optimize.exe</Data><Data Name='FileVersion'>10.0.2</Data><Data Name='Description'>splunk-optimize</Data><Data Name='Product'>splunk Application</Data><Data Name='Company'>Splunk Inc.</Data><Data Name='OriginalFileName'>splunk-optimize.exe</Data><Data Name='CommandLine'>splunk-optimize -d ""C:\Program Files\Splunk\var\lib\splunk\_metrics\db\hot_v1_18"" -x 2847884800 --log-to--splunkd-log --write-level 3 --tsidx-target-size 1572864000 --msidx-comp-block-size 1024</Data><Data Name='CurrentDirectory'>C:\Windows\system32\</Data><Data Name='User'>NT AUTHORITY\SYSTEM</Data><Data Name='LogonGuid'>{ba015629-9e0a-6933-e703-000000000000}</Data><Data Name='LogonId'>0x3e7</Data><Data Name='TerminalSessionId'>0</Data><Data Name='IntegrityLevel'>System</Data><Data Name='Hashes'>MD5=9CC738519F2D72C0418CFA55C7EC1AA8,SHA256=0F436911D99C77BECD70B2BC162DB2F0EC23AEC95D7B0D80ECCC0E9D8BC1AAF9,IMPHASH=1587304F63543B89DB100213C6B8CBF0</Data><Data Name='ParentProcessGuid'>{ba015629-93d1-6933-8616-000000000c00}</Data><Data Name='ParentProcessId'>5980</Data><Data Name='ParentImage'>C:\Program Files\Splunk\bin\splunkd.exe</Data><Data Name='ParentCommandLine'>""C:\Program Files\Splunk\bin\splunkd.exe"" service</Data><Data Name='ParentUser'>NT AUTHORITY\SYSTEM</Data></EventData></Event>","2025-12-06T09:36:57.028-0800",,"DESKTOP-0VN9UV0",main,1,"<_='://../////'><><_='--'_='{----}'/><></><></><><","WinEventLog:Microsoft-Windows-Sysmon/Operational","XmlWinEventLog:Microsoft-Windows-Sysmon/Operational","DESKTOP-0VN9UV0",,none
,"<Event xmlns='http://schemas.microsoft.com/win/2004/08/events/event'><System><Provider Name='Microsoft-Windows-Sysmon' Guid='{5770385f-c22a-43e0-bf4c-06f5698ffbd9}'/><EventID>1</EventID><Version>5</Version><Level>4</Level><Task>1</Task><Opcode>0</Opcode><Keywords>0x8000000000000000</Keywords><TimeCreated SystemTime='2025-12-06T17:36:57.0064135Z'/><EventRecordID>75024</EventRecordID><Correlation/><Execution ProcessID='2308' ThreadID='2252'/><Channel>Microsoft-Windows-Sysmon/Operational</Channel><Computer>DESKTOP-0VN9UV0</Computer><Security UserID='S-1-5-18'/></System><EventData><Data Name='RuleName'>-</Data><Data Name='UtcTime'>2025-12-06 17:36:57.002</Data><Data Name='ProcessGuid'>{ba015629-69b9-6934-771c-010000000c00}</Data><Data Name='ProcessId'>4212</Data><Data Name='Image'>C:\Program Files\Splunk\bin\splunk-optimize.exe</Data><Data Name='FileVersion'>10.0.2</Data><Data Name='Description'>splunk-optimize</Data><Data Name='Product'>splunk Application</Data><Data Name='Company'>Splunk Inc.</Data><Data Name='OriginalFileName'>splunk-optimize.exe</Data><Data Name='CommandLine'>splunk-optimize -d ""C:\Program Files\Splunk\var\lib\splunk\_metrics\db\hot_v1_17"" -x 2847884800 --log-to--splunkd-log --write-level 3 --tsidx-target-size 1572864000 --msidx-comp-block-size 1024</Data><Data Name='CurrentDirectory'>C:\Windows\system32\</Data><Data Name='User'>NT AUTHORITY\SYSTEM</Data><Data Name='LogonGuid'>{ba015629-9e0a-6933-e703-000000000000}</Data><Data Name='LogonId'>0x3e7</Data><Data Name='TerminalSessionId'>0</Data><Data Name='IntegrityLevel'>System</Data><Data Name='Hashes'>MD5=9CC738519F2D72C0418CFA55C7EC1AA8,SHA256=0F436911D99C77BECD70B2BC162DB2F0EC23AEC95D7B0D80ECCC0E9D8BC1AAF9,IMPHASH=1587304F63543B89DB100213C6B8CBF0</Data><Data Name='ParentProcessGuid'>{ba015629-93d1-6933-8616-000000000c00}</Data><Data Name='ParentProcessId'>5980</Data><Data Name='ParentImage'>C:\Program Files\Splunk\bin\splunkd.exe</Data><Data Name='ParentCommandLine'>""C:\Program Files\Splunk\bin\splunkd.exe"" service</Data><Data Name='ParentUser'>NT AUTHORITY\SYSTEM</Data></EventData></Event>","2025-12-06T09:36:57.006-0800",,"DESKTOP-0VN9UV0",main,1,"<_='://../////'><><_='--'_='{----}'/><></><></><><","WinEventLog:Microsoft-Windows-Sysmon/Operational","XmlWinEventLog:Microsoft-Windows-Sysmon/Operational","DESKTOP-0VN9UV0",,none
,"<Event xmlns='http://schemas.microsoft.com/win/2004/08/events/event'><System><Provider Name='Microsoft-Windows-Sysmon' Guid='{5770385f-c22a-43e0-bf4c-06f5698ffbd9}'/><EventID>1</EventID><Version>5</Version><Level>4</Level><Task>1</Task><Opcode>0</Opcode><Keywords>0x8000000000000000</Keywords><TimeCreated SystemTime='2025-12-06T17:36:56.9983279Z'/><EventRecordID>75023</EventRecordID><Correlation/><Execution ProcessID='2308' ThreadID='2252'/><Channel>Microsoft-Windows-Sysmon/Operational</Channel><Computer>DESKTOP-0VN9UV0</Computer><Security UserID='S-1-5-18'/></System><EventData><Data Name='RuleName'>-</Data><Data Name='UtcTime'>2025-12-06 17:36:56.994</Data><Data Name='ProcessGuid'>{ba015629-69b8-6934-761c-010000000c00}</Data><Data Name='ProcessId'>10108</Data><Data Name='Image'>C:\Program Files\Splunk\bin\splunk-optimize.exe</Data><Data Name='FileVersion'>10.0.2</Data><Data Name='Description'>splunk-optimize</Data><Data Name='Product'>splunk Application</Data><Data Name='Company'>Splunk Inc.</Data><Data Name='OriginalFileName'>splunk-optimize.exe</Data><Data Name='CommandLine'>splunk-optimize -d ""C:\Program Files\Splunk\var\lib\splunk\_metrics\db\hot_v1_16"" -x 2847884800 --log-to--splunkd-log --write-level 3 --tsidx-target-size 1572864000 --msidx-comp-block-size 1024</Data><Data Name='CurrentDirectory'>C:\Windows\system32\</Data><Data Name='User'>NT AUTHORITY\SYSTEM</Data><Data Name='LogonGuid'>{ba015629-9e0a-6933-e703-000000000000}</Data><Data Name='LogonId'>0x3e7</Data><Data Name='TerminalSessionId'>0</Data><Data Name='IntegrityLevel'>System</Data><Data Name='Hashes'>MD5=9CC738519F2D72C0418CFA55C7EC1AA8,SHA256=0F436911D99C77BECD70B2BC162DB2F0EC23AEC95D7B0D80ECCC0E9D8BC1AAF9,IMPHASH=1587304F63543B89DB100213C6B8CBF0</Data><Data Name='ParentProcessGuid'>{ba015629-93d1-6933-8616-000000000c00}</Data><Data Name='ParentProcessId'>5980</Data><Data Name='ParentImage'>C:\Program Files\Splunk\bin\splunkd.exe</Data><Data Name='ParentCommandLine'>""C:\Program Files\Splunk\bin\splunkd.exe"" service</Data><Data Name='ParentUser'>NT AUTHORITY\SYSTEM</Data></EventData></Event>","2025-12-06T09:36:56.998-0800",,"DESKTOP-0VN9UV0",main,1,"<_='://../////'><><_='--'_='{----}'/><></><></><><","WinEventLog:Microsoft-Windows-Sysmon/Operational","XmlWinEventLog:Microsoft-Windows-Sysmon/Operational","DESKTOP-0VN9UV0",,none
,"<Event xmlns='http://schemas.microsoft.com/win/2004/08/events/event'><System><Provider Name='Microsoft-Windows-Sysmon' Guid='{5770385f-c22a-43e0-bf4c-06f5698ffbd9}'/><EventID>1</EventID><Version>5</Version><Level>4</Level><Task>1</Task><Opcode>0</Opcode><Keywords>0x8000000000000000</Keywords><TimeCreated SystemTime='2025-12-06T17:36:56.9879840Z'/><EventRecordID>75022</EventRecordID><Correlation/><Execution ProcessID='2308' ThreadID='2252'/><Channel>Microsoft-Windows-Sysmon/Operational</Channel><Computer>DESKTOP-0VN9UV0</Computer><Security UserID='S-1-5-18'/></System><EventData><Data Name='RuleName'>-</Data><Data Name='UtcTime'>2025-12-06 17:36:56.978</Data><Data Name='ProcessGuid'>{ba015629-69b8-6934-751c-010000000c00}</Data><Data Name='ProcessId'>7452</Data><Data Name='Image'>C:\Program Files\Splunk\bin\splunk-optimize.exe</Data><Data Name='FileVersion'>10.0.2</Data><Data Name='Description'>splunk-optimize</Data><Data Name='Product'>splunk Application</Data><Data Name='Company'>Splunk Inc.</Data><Data Name='OriginalFileName'>splunk-optimize.exe</Data><Data Name='CommandLine'>splunk-optimize -d ""C:\Program Files\Splunk\var\lib\splunk\_metrics\db\hot_v1_15"" -x 2847884800 --log-to--splunkd-log --write-level 3 --tsidx-target-size 1572864000 --msidx-comp-block-size 1024</Data><Data Name='CurrentDirectory'>C:\Windows\system32\</Data><Data Name='User'>NT AUTHORITY\SYSTEM</Data><Data Name='LogonGuid'>{ba015629-9e0a-6933-e703-000000000000}</Data><Data Name='LogonId'>0x3e7</Data><Data Name='TerminalSessionId'>0</Data><Data Name='IntegrityLevel'>System</Data><Data Name='Hashes'>MD5=9CC738519F2D72C0418CFA55C7EC1AA8,SHA256=0F436911D99C77BECD70B2BC162DB2F0EC23AEC95D7B0D80ECCC0E9D8BC1AAF9,IMPHASH=1587304F63543B89DB100213C6B8CBF0</Data><Data Name='ParentProcessGuid'>{ba015629-93d1-6933-8616-000000000c00}</Data><Data Name='ParentProcessId'>5980</Data><Data Name='ParentImage'>C:\Program Files\Splunk\bin\splunkd.exe</Data><Data Name='ParentCommandLine'>""C:\Program Files\Splunk\bin\splunkd.exe"" service</Data><Data Name='ParentUser'>NT AUTHORITY\SYSTEM</Data></EventData></Event>","2025-12-06T09:36:56.987-0800",,"DESKTOP-0VN9UV0",main,1,"<_='://../////'><><_='--'_='{----}'/><></><></><><","WinEventLog:Microsoft-Windows-Sysmon/Operational","XmlWinEventLog:Microsoft-Windows-Sysmon/Operational","DESKTOP-0VN9UV0",,none
,"<Event xmlns='http://schemas.microsoft.com/win/2004/08/events/event'><System><Provider Name='Microsoft-Windows-Sysmon' Guid='{5770385f-c22a-43e0-bf4c-06f5698ffbd9}'/><EventID>1</EventID><Version>5</Version><Level>4</Level><Task>1</Task><Opcode>0</Opcode><Keywords>0x8000000000000000</Keywords><TimeCreated SystemTime='2025-12-06T17:36:53.9866757Z'/><EventRecordID>75021</EventRecordID><Correlation/><Execution ProcessID='2308' ThreadID='2252'/><Channel>Microsoft-Windows-Sysmon/Operational</Channel><Computer>DESKTOP-0VN9UV0</Computer><Security UserID='S-1-5-18'/></System><EventData><Data Name='RuleName'>-</Data><Data Name='UtcTime'>2025-12-06 17:36:53.983</Data><Data Name='ProcessGuid'>{ba015629-69b5-6934-741c-010000000c00}</Data><Data Name='ProcessId'>5220</Data><Data Name='Image'>C:\Program Files\Splunk\bin\splunk-optimize.exe</Data><Data Name='FileVersion'>10.0.2</Data><Data Name='Description'>splunk-optimize</Data><Data Name='Product'>splunk Application</Data><Data Name='Company'>Splunk Inc.</Data><Data Name='OriginalFileName'>splunk-optimize.exe</Data><Data Name='CommandLine'>splunk-optimize -d ""C:\Program Files\Splunk\var\lib\splunk\defaultdb\db\hot_v1_3"" -x 2847839744 --log-to--splunkd-log --write-level 3 --tsidx-target-size 1572864000 --msidx-comp-block-size 1024</Data><Data Name='CurrentDirectory'>C:\Windows\system32\</Data><Data Name='User'>NT AUTHORITY\SYSTEM</Data><Data Name='LogonGuid'>{ba015629-9e0a-6933-e703-000000000000}</Data><Data Name='LogonId'>0x3e7</Data><Data Name='TerminalSessionId'>0</Data><Data Name='IntegrityLevel'>System</Data><Data Name='Hashes'>MD5=9CC738519F2D72C0418CFA55C7EC1AA8,SHA256=0F436911D99C77BECD70B2BC162DB2F0EC23AEC95D7B0D80ECCC0E9D8BC1AAF9,IMPHASH=1587304F63543B89DB100213C6B8CBF0</Data><Data Name='ParentProcessGuid'>{ba015629-93d1-6933-8616-000000000c00}</Data><Data Name='ParentProcessId'>5980</Data><Data Name='ParentImage'>C:\Program Files\Splunk\bin\splunkd.exe</Data><Data Name='ParentCommandLine'>""C:\Program Files\Splunk\bin\splunkd.exe"" service</Data><Data Name='ParentUser'>NT AUTHORITY\SYSTEM</Data></EventData></Event>","2025-12-06T09:36:53.986-0800",,"DESKTOP-0VN9UV0",main,1,"<_='://../////'><><_='--'_='{----}'/><></><></><><","WinEventLog:Microsoft-Windows-Sysmon/Operational","XmlWinEventLog:Microsoft-Windows-Sysmon/Operational","DESKTOP-0VN9UV0",,none
,"<Event xmlns='http://schemas.microsoft.com/win/2004/08/events/event'><System><Provider Name='Microsoft-Windows-Sysmon' Guid='{5770385f-c22a-43e0-bf4c-06f5698ffbd9}'/><EventID>1</EventID><Version>5</Version><Level>4</Level><Task>1</Task><Opcode>0</Opcode><Keywords>0x8000000000000000</Keywords><TimeCreated SystemTime='2025-12-06T17:36:53.9824016Z'/><EventRecordID>75020</EventRecordID><Correlation/><Execution ProcessID='2308' ThreadID='2252'/><Channel>Microsoft-Windows-Sysmon/Operational</Channel><Computer>DESKTOP-0VN9UV0</Computer><Security UserID='S-1-5-18'/></System><EventData><Data Name='RuleName'>-</Data><Data Name='UtcTime'>2025-12-06 17:36:53.977</Data><Data Name='ProcessGuid'>{ba015629-69b5-6934-731c-010000000c00}</Data><Data Name='ProcessId'>6324</Data><Data Name='Image'>C:\Program Files\Splunk\bin\splunk-optimize.exe</Data><Data Name='FileVersion'>10.0.2</Data><Data Name='Description'>splunk-optimize</Data><Data Name='Product'>splunk Application</Data><Data Name='Company'>Splunk Inc.</Data><Data Name='OriginalFileName'>splunk-optimize.exe</Data><Data Name='CommandLine'>splunk-optimize -d ""C:\Program Files\Splunk\var\lib\splunk\_introspection\db\hot_v1_3"" -x 2847870464 --log-to--splunkd-log --write-level 3 --tsidx-target-size 1572864000 --msidx-comp-block-size 1024</Data><Data Name='CurrentDirectory'>C:\Windows\system32\</Data><Data Name='User'>NT AUTHORITY\SYSTEM</Data><Data Name='LogonGuid'>{ba015629-9e0a-6933-e703-000000000000}</Data><Data Name='LogonId'>0x3e7</Data><Data Name='TerminalSessionId'>0</Data><Data Name='IntegrityLevel'>System</Data><Data Name='Hashes'>MD5=9CC738519F2D72C0418CFA55C7EC1AA8,SHA256=0F436911D99C77BECD70B2BC162DB2F0EC23AEC95D7B0D80ECCC0E9D8BC1AAF9,IMPHASH=1587304F63543B89DB100213C6B8CBF0</Data><Data Name='ParentProcessGuid'>{ba015629-93d1-6933-8616-000000000c00}</Data><Data Name='ParentProcessId'>5980</Data><Data Name='ParentImage'>C:\Program Files\Splunk\bin\splunkd.exe</Data><Data Name='ParentCommandLine'>""C:\Program Files\Splunk\bin\splunkd.exe"" service</Data><Data Name='ParentUser'>NT AUTHORITY\SYSTEM</Data></EventData></Event>","2025-12-06T09:36:53.982-0800",,"DESKTOP-0VN9UV0",main,1,"<_='://../////'><><_='--'_='{----}'/><></><></><><","WinEventLog:Microsoft-Windows-Sysmon/Operational","XmlWinEventLog:Microsoft-Windows-Sysmon/Operational","DESKTOP-0VN9UV0",,none
,"<Event xmlns='http://schemas.microsoft.com/win/2004/08/events/event'><System><Provider Name='Microsoft-Windows-Sysmon' Guid='{5770385f-c22a-43e0-bf4c-06f5698ffbd9}'/><EventID>1</EventID><Version>5</Version><Level>4</Level><Task>1</Task><Opcode>0</Opcode><Keywords>0x8000000000000000</Keywords><TimeCreated SystemTime='2025-12-06T17:36:53.9713316Z'/><EventRecordID>75019</EventRecordID><Correlation/><Execution ProcessID='2308' ThreadID='2252'/><Channel>Microsoft-Windows-Sysmon/Operational</Channel><Computer>DESKTOP-0VN9UV0</Computer><Security UserID='S-1-5-18'/></System><EventData><Data Name='RuleName'>-</Data><Data Name='UtcTime'>2025-12-06 17:36:53.964</Data><Data Name='ProcessGuid'>{ba015629-69b5-6934-721c-010000000c00}</Data><Data Name='ProcessId'>6252</Data><Data Name='Image'>C:\Program Files\Splunk\bin\splunk-optimize.exe</Data><Data Name='FileVersion'>10.0.2</Data><Data Name='Description'>splunk-optimize</Data><Data Name='Product'>splunk Application</Data><Data Name='Company'>Splunk Inc.</Data><Data Name='OriginalFileName'>splunk-optimize.exe</Data><Data Name='CommandLine'>splunk-optimize -d ""C:\Program Files\Splunk\var\lib\splunk\_internaldb\db\hot_v1_3"" -x 2847870464 --log-to--splunkd-log --write-level 3 --tsidx-target-size 1572864000 --msidx-comp-block-size 1024</Data><Data Name='CurrentDirectory'>C:\Windows\system32\</Data><Data Name='User'>NT AUTHORITY\SYSTEM</Data><Data Name='LogonGuid'>{ba015629-9e0a-6933-e703-000000000000}</Data><Data Name='LogonId'>0x3e7</Data><Data Name='TerminalSessionId'>0</Data><Data Name='IntegrityLevel'>System</Data><Data Name='Hashes'>MD5=9CC738519F2D72C0418CFA55C7EC1AA8,SHA256=0F436911D99C77BECD70B2BC162DB2F0EC23AEC95D7B0D80ECCC0E9D8BC1AAF9,IMPHASH=1587304F63543B89DB100213C6B8CBF0</Data><Data Name='ParentProcessGuid'>{ba015629-93d1-6933-8616-000000000c00}</Data><Data Name='ParentProcessId'>5980</Data><Data Name='ParentImage'>C:\Program Files\Splunk\bin\splunkd.exe</Data><Data Name='ParentCommandLine'>""C:\Program Files\Splunk\bin\splunkd.exe"" service</Data><Data Name='ParentUser'>NT AUTHORITY\SYSTEM</Data></EventData></Event>","2025-12-06T09:36:53.971-0800",,"DESKTOP-0VN9UV0",main,1,"<_='://../////'><><_='--'_='{----}'/><></><></><><","WinEventLog:Microsoft-Windows-Sysmon/Operational","XmlWinEventLog:Microsoft-Windows-Sysmon/Operational","DESKTOP-0VN9UV0",,none
,"<Event xmlns='http://schemas.microsoft.com/win/2004/08/events/event'><System><Provider Name='Microsoft-Windows-Sysmon' Guid='{5770385f-c22a-43e0-bf4c-06f5698ffbd9}'/><EventID>1</EventID><Version>5</Version><Level>4</Level><Task>1</Task><Opcode>0</Opcode><Keywords>0x8000000000000000</Keywords><TimeCreated SystemTime='2025-12-06T17:36:52.9782408Z'/><EventRecordID>75018</EventRecordID><Correlation/><Execution ProcessID='2308' ThreadID='2252'/><Channel>Microsoft-Windows-Sysmon/Operational</Channel><Computer>DESKTOP-0VN9UV0</Computer><Security UserID='S-1-5-18'/></System><EventData><Data Name='RuleName'>-</Data><Data Name='UtcTime'>2025-12-06 17:36:52.964</Data><Data Name='ProcessGuid'>{ba015629-69b4-6934-711c-010000000c00}</Data><Data Name='ProcessId'>6744</Data><Data Name='Image'>C:\Program Files\Splunk\bin\splunk-optimize.exe</Data><Data Name='FileVersion'>10.0.2</Data><Data Name='Description'>splunk-optimize</Data><Data Name='Product'>splunk Application</Data><Data Name='Company'>Splunk Inc.</Data><Data Name='OriginalFileName'>splunk-optimize.exe</Data><Data Name='CommandLine'>splunk-optimize -d ""C:\Program Files\Splunk\var\lib\splunk\audit\db\hot_v1_3"" -x 2847934464 --log-to--splunkd-log --write-level 3 --tsidx-target-size 1572864000 --msidx-comp-block-size 1024</Data><Data Name='CurrentDirectory'>C:\Windows\system32\</Data><Data Name='User'>NT AUTHORITY\SYSTEM</Data><Data Name='LogonGuid'>{ba015629-9e0a-6933-e703-000000000000}</Data><Data Name='LogonId'>0x3e7</Data><Data Name='TerminalSessionId'>0</Data><Data Name='IntegrityLevel'>System</Data><Data Name='Hashes'>MD5=9CC738519F2D72C0418CFA55C7EC1AA8,SHA256=0F436911D99C77BECD70B2BC162DB2F0EC23AEC95D7B0D80ECCC0E9D8BC1AAF9,IMPHASH=1587304F63543B89DB100213C6B8CBF0</Data><Data Name='ParentProcessGuid'>{ba015629-93d1-6933-8616-000000000c00}</Data><Data Name='ParentProcessId'>5980</Data><Data Name='ParentImage'>C:\Program Files\Splunk\bin\splunkd.exe</Data><Data Name='ParentCommandLine'>""C:\Program Files\Splunk\bin\splunkd.exe"" service</Data><Data Name='ParentUser'>NT AUTHORITY\SYSTEM</Data></EventData></Event>","2025-12-06T09:36:52.978-0800",,"DESKTOP-0VN9UV0",main,1,"<_='://../////'><><_='--'_='{----}'/><></><></><><","WinEventLog:Microsoft-Windows-Sysmon/Operational","XmlWinEventLog:Microsoft-Windows-Sysmon/Operational","DESKTOP-0VN9UV0",,none
,"<Event xmlns='http://schemas.microsoft.com/win/2004/08/events/event'><System><Provider Name='Microsoft-Windows-Sysmon' Guid='{5770385f-c22a-43e0-bf4c-06f5698ffbd9}'/><EventID>1</EventID><Version>5</Version><Level>4</Level><Task>1</Task><Opcode>0</Opcode><Keywords>0x8000000000000000</Keywords><TimeCreated SystemTime='2025-12-06T17:36:52.5884105Z'/><EventRecordID>75017</EventRecordID><Correlation/><Execution ProcessID='2308' ThreadID='2252'/><Channel>Microsoft-Windows-Sysmon/Operational</Channel><Computer>DESKTOP-0VN9UV0</Computer><Security UserID='S-1-5-18'/></System><EventData><Data Name='RuleName'>-</Data><Data Name='UtcTime'>2025-12-06 17:36:52.582</Data><Data Name='ProcessGuid'>{ba015629-69b4-6934-701c-010000000c00}</Data><Data Name='ProcessId'>9936</Data><Data Name='Image'>C:\Program Files\Splunk\bin\splunk-netmon.exe</Data><Data Name='FileVersion'>10.0.2</Data><Data Name='Description'>Network monitor</Data><Data Name='Product'>Splunk Application</Data><Data Name='Company'>Splunk Inc.</Data><Data Name='OriginalFileName'>splunk-netmon.exe</Data><Data Name='CommandLine'>""C:\Program Files\Splunk\bin\splunk-netmon.exe""</Data><Data Name='CurrentDirectory'>C:\Windows\system32\</Data><Data Name='User'>NT AUTHORITY\SYSTEM</Data><Data Name='LogonGuid'>{ba015629-9e0a-6933-e703-000000000000}</Data><Data Name='LogonId'>0x3e7</Data><Data Name='TerminalSessionId'>0</Data><Data Name='IntegrityLevel'>System</Data><Data Name='Hashes'>MD5=EE76ADFFBA5B42130EA7B38E612FF0BC,SHA256=D2121BDAF8F63B85CFA39ACD34EA7A6D2978F327BB2E5720DB3584C06A82B7A4,IMPHASH=A424DE954C187E7C5D6CFD826F9C9D31</Data><Data Name='ParentProcessGuid'>{ba015629-93d1-6933-8616-000000000c00}</Data><Data Name='ParentProcessId'>5980</Data><Data Name='ParentImage'>C:\Program Files\Splunk\bin\splunkd.exe</Data><Data Name='ParentCommandLine'>""C:\Program Files\Splunk\bin\splunkd.exe"" service</Data><Data Name='ParentUser'>NT AUTHORITY\SYSTEM</Data></EventData></Event>","2025-12-06T09:36:52.588-0800",,"DESKTOP-0VN9UV0",main,1,"<_='://../////'><><_='--'_='{----}'/><></><></><><","WinEventLog:Microsoft-Windows-Sysmon/Operational","XmlWinEventLog:Microsoft-Windows-Sysmon/Operational","DESKTOP-0VN9UV0",,none
,"<Event xmlns='http://schemas.microsoft.com/win/2004/08/events/event'><System><Provider Name='Microsoft-Windows-Sysmon' Guid='{5770385f-c22a-43e0-bf4c-06f5698ffbd9}'/><EventID>1</EventID><Version>5</Version><Level>4</Level><Task>1</Task><Opcode>0</Opcode><Keywords>0x8000000000000000</Keywords><TimeCreated SystemTime='2025-12-06T17:36:52.4819183Z'/><EventRecordID>75016</EventRecordID><Correlation/><Execution ProcessID='2308' ThreadID='2252'/><Channel>Microsoft-Windows-Sysmon/Operational</Channel><Computer>DESKTOP-0VN9UV0</Computer><Security UserID='S-1-5-18'/></System><EventData><Data Name='RuleName'>-</Data><Data Name='UtcTime'>2025-12-06 17:36:52.472</Data><Data Name='ProcessGuid'>{ba015629-69b4-6934-6f1c-010000000c00}</Data><Data Name='ProcessId'>4612</Data><Data Name='Image'>C:\Program Files\Splunk\bin\splunk-regmon.exe</Data><Data Name='FileVersion'>10.0.2</Data><Data Name='Description'>Registry monitor</Data><Data Name='Product'>splunk Application</Data><Data Name='Company'>Splunk Inc.</Data><Data Name='OriginalFileName'>splunk-regmon.exe</Data><Data Name='CommandLine'>""C:\Program Files\Splunk\bin\splunk-regmon.exe""</Data><Data Name='CurrentDirectory'>C:\Windows\system32\</Data><Data Name='User'>NT AUTHORITY\SYSTEM</Data><Data Name='LogonGuid'>{ba015629-9e0a-6933-e703-000000000000}</Data><Data Name='LogonId'>0x3e7</Data><Data Name='TerminalSessionId'>0</Data><Data Name='IntegrityLevel'>System</Data><Data Name='Hashes'>MD5=6A45000ED79CD7AB91FA00BEDFE9D96B,SHA256=4EEE7AEE8EF4DB1A3FFC027170C33AE94A02EACA9EF5BD6D2D95B4A96E7DBBB8,IMPHASH=13C09D391268A3C9F4414AD28924E0DA</Data><Data Name='ParentProcessGuid'>{ba015629-93d1-6933-8616-000000000c00}</Data><Data Name='ParentProcessId'>5980</Data><Data Name='ParentImage'>C:\Program Files\Splunk\bin\splunkd.exe</Data><Data Name='ParentCommandLine'>""C:\Program Files\Splunk\bin\splunkd.exe"" service</Data><Data Name='ParentUser'>NT AUTHORITY\SYSTEM</Data></EventData></Event>","2025-12-06T09:36:52.481-0800",,"DESKTOP-0VN9UV0",main,1,"<_='://../////'><><_='--'_='{----}'/><></><></><><","WinEventLog:Microsoft-Windows-Sysmon/Operational","XmlWinEventLog:Microsoft-Windows-Sysmon/Operational","DESKTOP-0VN9UV0",,none
,"<Event xmlns='http://schemas.microsoft.com/win/2004/08/events/event'><System><Provider Name='Microsoft-Windows-Sysmon' Guid='{5770385f-c22a-43e0-bf4c-06f5698ffbd9}'/><EventID>1</EventID><Version>5</Version><Level>4</Level><Task>1</Task><Opcode>0</Opcode><Keywords>0x8000000000000000</Keywords><TimeCreated SystemTime='2025-12-06T17:36:52.2266557Z'/><EventRecordID>75015</EventRecordID><Correlation/><Execution ProcessID='2308' ThreadID='2252'/><Channel>Microsoft-Windows-Sysmon/Operational</Channel><Computer>DESKTOP-0VN9UV0</Computer><Security UserID='S-1-5-18'/></System><EventData><Data Name='RuleName'>-</Data><Data Name='UtcTime'>2025-12-06 17:36:52.222</Data><Data Name='ProcessGuid'>{ba015629-69b4-6934-6e1c-010000000c00}</Data><Data Name='ProcessId'>7900</Data><Data Name='Image'>C:\Program Files\Splunk\bin\splunk-powershell.exe</Data><Data Name='FileVersion'>-</Data><Data Name='Description'>-</Data><Data Name='Product'>-</Data><Data Name='Company'>-</Data><Data Name='OriginalFileName'>-</Data><Data Name='CommandLine'>""C:\Program Files\Splunk\bin\splunk-powershell.exe"" --ps2</Data><Data Name='CurrentDirectory'>C:\Windows\system32\</Data><Data Name='User'>NT AUTHORITY\SYSTEM</Data><Data Name='LogonGuid'>{ba015629-9e0a-6933-e703-000000000000}</Data><Data Name='LogonId'>0x3e7</Data><Data Name='TerminalSessionId'>0</Data><Data Name='IntegrityLevel'>System</Data><Data Name='Hashes'>MD5=ED5BC96465C811B4108DD1A1518086DE,SHA256=1FA55805C700D349AAC34B4AB284802442FA4CE9BFFE3A832465E97FD24A709A,IMPHASH=98E5A9AFA6009B6A2D406BE58A858E33</Data><Data Name='ParentProcessGuid'>{ba015629-93d1-6933-8616-000000000c00}</Data><Data Name='ParentProcessId'>5980</Data><Data Name='ParentImage'>C:\Program Files\Splunk\bin\splunkd.exe</Data><Data Name='ParentCommandLine'>""C:\Program Files\Splunk\bin\splunkd.exe"" service</Data><Data Name='ParentUser'>NT AUTHORITY\SYSTEM</Data></EventData></Event>","2025-12-06T09:36:52.226-0800",,"DESKTOP-0VN9UV0",main,1,"<_='://../////'><><_='--'_='{----}'/><></><></><><","WinEventLog:Microsoft-Windows-Sysmon/Operational","XmlWinEventLog:Microsoft-Windows-Sysmon/Operational","DESKTOP-0VN9UV0",,none
,"<Event xmlns='http://schemas.microsoft.com/win/2004/08/events/event'><System><Provider Name='Microsoft-Windows-Sysmon' Guid='{5770385f-c22a-43e0-bf4c-06f5698ffbd9}'/><EventID>1</EventID><Version>5</Version><Level>4</Level><Task>1</Task><Opcode>0</Opcode><Keywords>0x8000000000000000</Keywords><TimeCreated SystemTime='2025-12-06T17:36:52.1508618Z'/><EventRecordID>75014</EventRecordID><Correlation/><Execution ProcessID='2308' ThreadID='2252'/><Channel>Microsoft-Windows-Sysmon/Operational</Channel><Computer>DESKTOP-0VN9UV0</Computer><Security UserID='S-1-5-18'/></System><EventData><Data Name='RuleName'>-</Data><Data Name='UtcTime'>2025-12-06 17:36:52.144</Data><Data Name='ProcessGuid'>{ba015629-69b4-6934-6d1c-010000000c00}</Data><Data Name='ProcessId'>2312</Data><Data Name='Image'>C:\Program Files\Splunk\bin\splunk-MonitorNoHandle.exe</Data><Data Name='FileVersion'>10.0.10011.16384</Data><Data Name='Description'>SplunkMonNoHandle Control Program</Data><Data Name='Product'>Windows (R) Win 7 DDK driver</Data><Data Name='Company'>Windows (R) Win 7 DDK provider</Data><Data Name='OriginalFileName'>SplunkMonNoHandle.exe</Data><Data Name='CommandLine'>""C:\Program Files\Splunk\bin\splunk-MonitorNoHandle.exe""</Data><Data Name='CurrentDirectory'>C:\Windows\system32\</Data><Data Name='User'>NT AUTHORITY\SYSTEM</Data><Data Name='LogonGuid'>{ba015629-9e0a-6933-e703-000000000000}</Data><Data Name='LogonId'>0x3e7</Data><Data Name='TerminalSessionId'>0</Data><Data Name='IntegrityLevel'>System</Data><Data Name='Hashes'>MD5=38249A1FB2F13067810C1A935D8763A8,SHA256=221EEC39F537461B6B5AEB52DE9F817DADE586F76320892D388F8525D2A755B9,IMPHASH=4452183F5321BAA9CF2C42EE328FBDD9</Data><Data Name='ParentProcessGuid'>{ba015629-93d1-6933-8616-000000000c00}</Data><Data Name='ParentProcessId'>5980</Data><Data Name='ParentImage'>C:\Program Files\Splunk\bin\splunkd.exe</Data><Data Name='ParentCommandLine'>""C:\Program Files\Splunk\bin\splunkd.exe"" service</Data><Data Name='ParentUser'>NT AUTHORITY\SYSTEM</Data></EventData></Event>","2025-12-06T09:36:52.150-0800",,"DESKTOP-0VN9UV0",main,1,"<_='://../////'><><_='--'_='{----}'/><></><></><><","WinEventLog:Microsoft-Windows-Sysmon/Operational","XmlWinEventLog:Microsoft-Windows-Sysmon/Operational","DESKTOP-0VN9UV0",,none
,"<Event xmlns='http://schemas.microsoft.com/win/2004/08/events/event'><System><Provider Name='Microsoft-Windows-Sysmon' Guid='{5770385f-c22a-43e0-bf4c-06f5698ffbd9}'/><EventID>1</EventID><Version>5</Version><Level>4</Level><Task>1</Task><Opcode>0</Opcode><Keywords>0x8000000000000000</Keywords><TimeCreated SystemTime='2025-12-06T17:36:52.0701173Z'/><EventRecordID>75013</EventRecordID><Correlation/><Execution ProcessID='2308' ThreadID='2252'/><Channel>Microsoft-Windows-Sysmon/Operational</Channel><Computer>DESKTOP-0VN9UV0</Computer><Security UserID='S-1-5-18'/></System><EventData><Data Name='RuleName'>-</Data><Data Name='UtcTime'>2025-12-06 17:36:52.064</Data><Data Name='ProcessGuid'>{ba015629-69b4-6934-6c1c-010000000c00}</Data><Data Name='ProcessId'>9624</Data><Data Name='Image'>C:\Program Files\Splunk\bin\splunk-powershell.exe</Data><Data Name='FileVersion'>-</Data><Data Name='Description'>-</Data><Data Name='Product'>-</Data><Data Name='Company'>-</Data><Data Name='OriginalFileName'>-</Data><Data Name='CommandLine'>""C:\Program Files\Splunk\bin\splunk-powershell.exe""</Data><Data Name='CurrentDirectory'>C:\Windows\system32\</Data><Data Name='User'>NT AUTHORITY\SYSTEM</Data><Data Name='LogonGuid'>{ba015629-9e0a-6933-e703-000000000000}</Data><Data Name='LogonId'>0x3e7</Data><Data Name='TerminalSessionId'>0</Data><Data Name='IntegrityLevel'>System</Data><Data Name='Hashes'>MD5=ED5BC96465C811B4108DD1A1518086DE,SHA256=1FA55805C700D349AAC34B4AB284802442FA4CE9BFFE3A832465E97FD24A709A,IMPHASH=98E5A9AFA6009B6A2D406BE58A858E33</Data><Data Name='ParentProcessGuid'>{ba015629-93d1-6933-8616-000000000c00}</Data><Data Name='ParentProcessId'>5980</Data><Data Name='ParentImage'>C:\Program Files\Splunk\bin\splunkd.exe</Data><Data Name='ParentCommandLine'>""C:\Program Files\Splunk\bin\splunkd.exe"" service</Data><Data Name='ParentUser'>NT AUTHORITY\SYSTEM</Data></EventData></Event>","2025-12-06T09:36:52.070-0800",,"DESKTOP-0VN9UV0",main,1,"<_='://../////'><><_='--'_='{----}'/><></><></><><","WinEventLog:Microsoft-Windows-Sysmon/Operational","XmlWinEventLog:Microsoft-Windows-Sysmon/Operational","DESKTOP-0VN9UV0",,none
,"<Event xmlns='http://schemas.microsoft.com/win/2004/08/events/event'><System><Provider Name='Microsoft-Windows-Sysmon' Guid='{5770385f-c22a-43e0-bf4c-06f5698ffbd9}'/><EventID>1</EventID><Version>5</Version><Level>4</Level><Task>1</Task><Opcode>0</Opcode><Keywords>0x8000000000000000</Keywords><TimeCreated SystemTime='2025-12-06T17:36:52.0243316Z'/><EventRecordID>75012</EventRecordID><Correlation/><Execution ProcessID='2308' ThreadID='2252'/><Channel>Microsoft-Windows-Sysmon/Operational</Channel><Computer>DESKTOP-0VN9UV0</Computer><Security UserID='S-1-5-18'/></System><EventData><Data Name='RuleName'>-</Data><Data Name='UtcTime'>2025-12-06 17:36:52.014</Data><Data Name='ProcessGuid'>{ba015629-69b4-6934-6b1c-010000000c00}</Data><Data Name='ProcessId'>9504</Data><Data Name='Image'>C:\Program Files\Splunk\bin\splunk-optimize.exe</Data><Data Name='FileVersion'>10.0.2</Data><Data Name='Description'>splunk-optimize</Data><Data Name='Product'>splunk Application</Data><Data Name='Company'>Splunk Inc.</Data><Data Name='OriginalFileName'>splunk-optimize.exe</Data><Data Name='CommandLine'>splunk-optimize -d ""C:\Program Files\Splunk\var\lib\splunk\_metrics\db\hot_v1_19"" -x 2847950848 --log-to--splunkd-log --write-level 3 --tsidx-target-size 1572864000 --msidx-comp-block-size 1024</Data><Data Name='CurrentDirectory'>C:\Windows\system32\</Data><Data Name='User'>NT AUTHORITY\SYSTEM</Data><Data Name='LogonGuid'>{ba015629-9e0a-6933-e703-000000000000}</Data><Data Name='LogonId'>0x3e7</Data><Data Name='TerminalSessionId'>0</Data><Data Name='IntegrityLevel'>System</Data><Data Name='Hashes'>MD5=9CC738519F2D72C0418CFA55C7EC1AA8,SHA256=0F436911D99C77BECD70B2BC162DB2F0EC23AEC95D7B0D80ECCC0E9D8BC1AAF9,IMPHASH=1587304F63543B89DB100213C6B8CBF0</Data><Data Name='ParentProcessGuid'>{ba015629-93d1-6933-8616-000000000c00}</Data><Data Name='ParentProcessId'>5980</Data><Data Name='ParentImage'>C:\Program Files\Splunk\bin\splunkd.exe</Data><Data Name='ParentCommandLine'>""C:\Program Files\Splunk\bin\splunkd.exe"" service</Data><Data Name='ParentUser'>NT AUTHORITY\SYSTEM</Data></EventData></Event>","2025-12-06T09:36:52.024-0800",,"DESKTOP-0VN9UV0",main,1,"<_='://../////'><><_='--'_='{----}'/><></><></><><","WinEventLog:Microsoft-Windows-Sysmon/Operational","XmlWinEventLog:Microsoft-Windows-Sysmon/Operational","DESKTOP-0VN9UV0",,none
,"<Event xmlns='http://schemas.microsoft.com/win/2004/08/events/event'><System><Provider Name='Microsoft-Windows-Sysmon' Guid='{5770385f-c22a-43e0-bf4c-06f5698ffbd9}'/><EventID>1</EventID><Version>5</Version><Level>4</Level><Task>1</Task><Opcode>0</Opcode><Keywords>0x8000000000000000</Keywords><TimeCreated SystemTime='2025-12-06T17:36:51.9977642Z'/><EventRecordID>75011</EventRecordID><Correlation/><Execution ProcessID='2308' ThreadID='2252'/><Channel>Microsoft-Windows-Sysmon/Operational</Channel><Computer>DESKTOP-0VN9UV0</Computer><Security UserID='S-1-5-18'/></System><EventData><Data Name='RuleName'>-</Data><Data Name='UtcTime'>2025-12-06 17:36:51.993</Data><Data Name='ProcessGuid'>{ba015629-69b3-6934-6a1c-010000000c00}</Data><Data Name='ProcessId'>8632</Data><Data Name='Image'>C:\Program Files\Splunk\bin\splunk-optimize.exe</Data><Data Name='FileVersion'>10.0.2</Data><Data Name='Description'>splunk-optimize</Data><Data Name='Product'>splunk Application</Data><Data Name='Company'>Splunk Inc.</Data><Data Name='OriginalFileName'>splunk-optimize.exe</Data><Data Name='CommandLine'>splunk-optimize -d ""C:\Program Files\Splunk\var\lib\splunk\_metrics\db\hot_v1_17"" -x 2847950848 --log-to--splunkd-log --write-level 3 --tsidx-target-size 1572864000 --msidx-comp-block-size 1024</Data><Data Name='CurrentDirectory'>C:\Windows\system32\</Data><Data Name='User'>NT AUTHORITY\SYSTEM</Data><Data Name='LogonGuid'>{ba015629-9e0a-6933-e703-000000000000}</Data><Data Name='LogonId'>0x3e7</Data><Data Name='TerminalSessionId'>0</Data><Data Name='IntegrityLevel'>System</Data><Data Name='Hashes'>MD5=9CC738519F2D72C0418CFA55C7EC1AA8,SHA256=0F436911D99C77BECD70B2BC162DB2F0EC23AEC95D7B0D80ECCC0E9D8BC1AAF9,IMPHASH=1587304F63543B89DB100213C6B8CBF0</Data><Data Name='ParentProcessGuid'>{ba015629-93d1-6933-8616-000000000c00}</Data><Data Name='ParentProcessId'>5980</Data><Data Name='ParentImage'>C:\Program Files\Splunk\bin\splunkd.exe</Data><Data Name='ParentCommandLine'>""C:\Program Files\Splunk\bin\splunkd.exe"" service</Data><Data Name='ParentUser'>NT AUTHORITY\SYSTEM</Data></EventData></Event>","2025-12-06T09:36:51.997-0800",,"DESKTOP-0VN9UV0",main,1,"<_='://../////'><><_='--'_='{----}'/><></><></><><","WinEventLog:Microsoft-Windows-Sysmon/Operational","XmlWinEventLog:Microsoft-Windows-Sysmon/Operational","DESKTOP-0VN9UV0",,none
,"<Event xmlns='http://schemas.microsoft.com/win/2004/08/events/event'><System><Provider Name='Microsoft-Windows-Sysmon' Guid='{5770385f-c22a-43e0-bf4c-06f5698ffbd9}'/><EventID>1</EventID><Version>5</Version><Level>4</Level><Task>1</Task><Opcode>0</Opcode><Keywords>0x8000000000000000</Keywords><TimeCreated SystemTime='2025-12-06T17:36:51.9868250Z'/><EventRecordID>75010</EventRecordID><Correlation/><Execution ProcessID='2308' ThreadID='2252'/><Channel>Microsoft-Windows-Sysmon/Operational</Channel><Computer>DESKTOP-0VN9UV0</Computer><Security UserID='S-1-5-18'/></System><EventData><Data Name='RuleName'>-</Data><Data Name='UtcTime'>2025-12-06 17:36:51.980</Data><Data Name='ProcessGuid'>{ba015629-69b3-6934-691c-010000000c00}</Data><Data Name='ProcessId'>4144</Data><Data Name='Image'>C:\Program Files\Splunk\bin\splunk-optimize.exe</Data><Data Name='FileVersion'>10.0.2</Data><Data Name='Description'>splunk-optimize</Data><Data Name='Product'>splunk Application</Data><Data Name='Company'>Splunk Inc.</Data><Data Name='OriginalFileName'>splunk-optimize.exe</Data><Data Name='CommandLine'>splunk-optimize -d ""C:\Program Files\Splunk\var\lib\splunk\_metrics\db\hot_v1_16"" -x 2847950848 --log-to--splunkd-log --write-level 3 --tsidx-target-size 1572864000 --msidx-comp-block-size 1024</Data><Data Name='CurrentDirectory'>C:\Windows\system32\</Data><Data Name='User'>NT AUTHORITY\SYSTEM</Data><Data Name='LogonGuid'>{ba015629-9e0a-6933-e703-000000000000}</Data><Data Name='LogonId'>0x3e7</Data><Data Name='TerminalSessionId'>0</Data><Data Name='IntegrityLevel'>System</Data><Data Name='Hashes'>MD5=9CC738519F2D72C0418CFA55C7EC1AA8,SHA256=0F436911D99C77BECD70B2BC162DB2F0EC23AEC95D7B0D80ECCC0E9D8BC1AAF9,IMPHASH=1587304F63543B89DB100213C6B8CBF0</Data><Data Name='ParentProcessGuid'>{ba015629-93d1-6933-8616-000000000c00}</Data><Data Name='ParentProcessId'>5980</Data><Data Name='ParentImage'>C:\Program Files\Splunk\bin\splunkd.exe</Data><Data Name='ParentCommandLine'>""C:\Program Files\Splunk\bin\splunkd.exe"" service</Data><Data Name='ParentUser'>NT AUTHORITY\SYSTEM</Data></EventData></Event>","2025-12-06T09:36:51.986-0800",,"DESKTOP-0VN9UV0",main,1,"<_='://../////'><><_='--'_='{----}'/><></><></><><","WinEventLog:Microsoft-Windows-Sysmon/Operational","XmlWinEventLog:Microsoft-Windows-Sysmon/Operational","DESKTOP-0VN9UV0",,none
